INFO: [VRFC 10-2263] Analyzing Verilog file "D:/Libraries/Documents/School/MANTY/BlackboardSynth_MANTIS/synth_modules/Saw_LUT.v" into library xil_defaultlib
INFO: [VRFC 10-311] analyzing module lutSaw
INFO: [VRFC 10-2263] Analyzing Verilog file "D:/Libraries/Documents/School/MANTY/BlackboardSynth_MANTIS/synth_modules/Sine_LUT.v" into library xil_defaultlib
INFO: [VRFC 10-311] analyzing module lutSin
INFO: [VRFC 10-2263] Analyzing Verilog file "D:/Libraries/Documents/School/MANTY/BlackboardSynth_MANTIS/synth_modules/Square_LUT.v" into library xil_defaultlib
INFO: [VRFC 10-311] analyzing module lutSqr
INFO: [VRFC 10-2263] Analyzing Verilog file "D:/Libraries/Documents/School/MANTY/BlackboardSynth_MANTIS/synth_modules/Tri_LUT.v" into library xil_defaultlib
INFO: [VRFC 10-311] analyzing module lutTri
INFO: [VRFC 10-2263] Analyzing Verilog file "D:/Libraries/Documents/School/MANTY/BlackboardSynth_MANTIS/synth_modules/clk_div.v" into library xil_defaultlib
INFO: [VRFC 10-311] analyzing module clk_div
INFO: [VRFC 10-2263] Analyzing Verilog file "D:/Libraries/Documents/School/MANTY/BlackboardSynth_MANTIS/synth_modules/db_1.v" into library xil_defaultlib
INFO: [VRFC 10-311] analyzing module db_1
INFO: [VRFC 10-2263] Analyzing Verilog file "D:/Libraries/Documents/School/MANTY/BlackboardSynth_MANTIS/synth_modules/push_detect.v" into library xil_defaultlib
INFO: [VRFC 10-311] analyzing module push_detect
INFO: [VRFC 10-2263] Analyzing Verilog file "D:/Libraries/Documents/School/MANTY/BlackboardSynth_MANTIS/synth_modules/synth_wrapper.v" into library xil_defaultlib
INFO: [VRFC 10-311] analyzing module synth_wrapper
INFO: [VRFC 10-311] analyzing module table_count
INFO: [VRFC 10-311] analyzing module conf_div
INFO: [VRFC 10-2263] Analyzing Verilog file "D:/Libraries/Documents/School/MANTY/BlackboardSynth_MANTIS/synth_modules/wav_sel.v" into library xil_defaultlib
INFO: [VRFC 10-311] analyzing module wav_sel
INFO: [VRFC 10-2263] Analyzing Verilog file "D:/Libraries/Documents/School/MANTY/BlackboardSynth_MANTIS/synth_modules/proj_files/mantis_synth.srcs/sources_1/new/synth_wrapper_tb.v" into library xil_defaultlib
INFO: [VRFC 10-311] analyzing module synth_wrapper_tb
