Copyright 1986-2021 Xilinx, Inc. All Rights Reserved.
------------------------------------------------------------------------------------
| Tool Version : Vivado v.2021.1 (win64) Build 3247384 Thu Jun 10 19:36:33 MDT 2021
| Date         : Wed Oct 25 17:51:12 2023
| Host         : GaryPC running 64-bit major release  (build 9200)
| Command      : upgrade_ip
| Device       : xc7z007sclg400-1
------------------------------------------------------------------------------------

Upgrade Log for IP 'mantis_synth_mantis_synth_1_3'

1. Summary
----------

SUCCESS in the conversion of mantis_synth_mantis_synth_1_3 (xilinx.com:user:mantis_synth:1.0 (Rev. 2)) to Vivado generation flows.






Copyright 1986-2021 Xilinx, Inc. All Rights Reserved.
------------------------------------------------------------------------------------
| Tool Version : Vivado v.2021.1 (win64) Build 3247384 Thu Jun 10 19:36:33 MDT 2021
| Date         : Wed Oct 25 17:51:12 2023
| Host         : GaryPC running 64-bit major release  (build 9200)
| Command      : upgrade_ip
| Device       : xc7z007sclg400-1
------------------------------------------------------------------------------------

Upgrade Log for IP 'mantis_synth_mantis_synth_0_0'

1. Summary
----------

SUCCESS in the conversion of mantis_synth_mantis_synth_0_0 (xilinx.com:user:mantis_synth:1.0 (Rev. 2)) to Vivado generation flows.






Copyright 1986-2021 Xilinx, Inc. All Rights Reserved.
------------------------------------------------------------------------------------
| Tool Version : Vivado v.2021.1 (win64) Build 3247384 Thu Jun 10 19:36:33 MDT 2021
| Date         : Wed Oct 25 17:13:50 2023
| Host         : GaryPC running 64-bit major release  (build 9200)
| Command      : upgrade_ip
| Device       : xc7z007sclg400-1
------------------------------------------------------------------------------------

Upgrade Log for IP 'mantis_synth_mantis_synth_0_0'

1. Summary
----------

CAUTION (success, with warnings) in the upgrade of mantis_synth_mantis_synth_0_0 (xilinx.com:user:mantis_synth:1.0) from (Rev. 1) to (Rev. 2)

After upgrade, an IP may have parameter and port differences compared to the original customization. Please review the parameters within the IP customization GUI to ensure proper functionality. Also, please review the updated IP instantiation template to ensure proper connectivity, and update your design if required.

2. Interface Information
------------------------

Detected external interface differences while upgrading 'mantis_synth_mantis_synth_0_0'.


-Upgrade has added interface 'clk' (xilinx.com:signal:clock:1.0)


3. Connection Warnings
----------------------

Detected external port differences while upgrading 'mantis_synth_mantis_synth_0_0'. These changes may impact your design.


-Upgrade has added port 'clk'

-Upgrade has added port 'wav'


