
*** Running vivado
    with args -log mantis_synth_xbar_0.vds -m64 -product Vivado -mode batch -messageDb vivado.pb -notrace -source mantis_synth_xbar_0.tcl



****** Vivado v2021.1 (64-bit)
  **** SW Build 3247384 on Thu Jun 10 19:36:33 MDT 2021
  **** IP Build 3246043 on Fri Jun 11 00:30:35 MDT 2021
    ** Copyright 1986-2021 Xilinx, Inc. All Rights Reserved.

source mantis_synth_xbar_0.tcl -notrace
INFO: [IP_Flow 19-234] Refreshing IP repositories
INFO: [IP_Flow 19-1700] Loaded user IP repository 'd:/MANTY/BlackboardSynth_MANTIS/synth_modules/ip_repo'.
INFO: [IP_Flow 19-2313] Loaded Vivado IP repository 'D:/Programs/Utility/Vivado/Vivado/2021.1/data/ip'.
WARNING: [IP_Flow 19-4995] The host OS only allows 260 characters in a normal path. The IP cache path is more than 80 characters. If you experience issues with IP caching, please consider changing the IP cache to a location with a shorter path. Alternately consider using the OS subst command to map part of the path to a drive letter. 
Current IP cache path is d:/MANTY/BlackboardSynth_MANTIS/synth_modules/programmable_synth_core/programmable_synth_core.cache/ip 
Command: synth_design -top mantis_synth_xbar_0 -part xc7z007sclg400-1 -mode out_of_context
Starting synth_design
Attempting to get a license for feature 'Synthesis' and/or device 'xc7z007s'
INFO: [Common 17-349] Got license for feature 'Synthesis' and/or device 'xc7z007s'
INFO: [Device 21-403] Loading part xc7z007sclg400-1
INFO: [Synth 8-7079] Multithreading enabled for synth_design using a maximum of 2 processes.
INFO: [Synth 8-7078] Launching helper process for spawning children vivado processes
INFO: [Synth 8-7075] Helper process launched with PID 17148
---------------------------------------------------------------------------------
Starting RTL Elaboration : Time (s): cpu = 00:00:11 ; elapsed = 00:00:15 . Memory (MB): peak = 1119.211 ; gain = 0.000
---------------------------------------------------------------------------------
INFO: [Synth 8-6157] synthesizing module 'mantis_synth_xbar_0' [d:/MANTY/BlackboardSynth_MANTIS/synth_modules/programmable_synth_core/programmable_synth_core.gen/sources_1/bd/mantis_synth/ip/mantis_synth_xbar_0/synth/mantis_synth_xbar_0.v:59]
INFO: [Synth 8-6157] synthesizing module 'axi_crossbar_v2_1_25_axi_crossbar' [d:/MANTY/BlackboardSynth_MANTIS/synth_modules/programmable_synth_core/programmable_synth_core.gen/sources_1/bd/mantis_synth/ipshared/3917/hdl/axi_crossbar_v2_1_vl_rfs.v:4884]
INFO: [Synth 8-6157] synthesizing module 'axi_crossbar_v2_1_25_crossbar_sasd' [d:/MANTY/BlackboardSynth_MANTIS/synth_modules/programmable_synth_core/programmable_synth_core.gen/sources_1/bd/mantis_synth/ipshared/3917/hdl/axi_crossbar_v2_1_vl_rfs.v:1240]
INFO: [Synth 8-6157] synthesizing module 'axi_crossbar_v2_1_25_addr_decoder' [d:/MANTY/BlackboardSynth_MANTIS/synth_modules/programmable_synth_core/programmable_synth_core.gen/sources_1/bd/mantis_synth/ipshared/3917/hdl/axi_crossbar_v2_1_vl_rfs.v:794]
INFO: [Synth 8-6157] synthesizing module 'generic_baseblocks_v2_1_0_comparator_static' [d:/MANTY/BlackboardSynth_MANTIS/synth_modules/programmable_synth_core/programmable_synth_core.gen/sources_1/bd/mantis_synth/ipshared/b752/hdl/generic_baseblocks_v2_1_vl_rfs.v:2133]
INFO: [Synth 8-6157] synthesizing module 'generic_baseblocks_v2_1_0_carry_and' [d:/MANTY/BlackboardSynth_MANTIS/synth_modules/programmable_synth_core/programmable_synth_core.gen/sources_1/bd/mantis_synth/ipshared/b752/hdl/generic_baseblocks_v2_1_vl_rfs.v:62]
INFO: [Synth 8-6155] done synthesizing module 'generic_baseblocks_v2_1_0_carry_and' (1#1) [d:/MANTY/BlackboardSynth_MANTIS/synth_modules/programmable_synth_core/programmable_synth_core.gen/sources_1/bd/mantis_synth/ipshared/b752/hdl/generic_baseblocks_v2_1_vl_rfs.v:62]
INFO: [Synth 8-6155] done synthesizing module 'generic_baseblocks_v2_1_0_comparator_static' (2#1) [d:/MANTY/BlackboardSynth_MANTIS/synth_modules/programmable_synth_core/programmable_synth_core.gen/sources_1/bd/mantis_synth/ipshared/b752/hdl/generic_baseblocks_v2_1_vl_rfs.v:2133]
INFO: [Synth 8-6157] synthesizing module 'generic_baseblocks_v2_1_0_comparator_static__parameterized0' [d:/MANTY/BlackboardSynth_MANTIS/synth_modules/programmable_synth_core/programmable_synth_core.gen/sources_1/bd/mantis_synth/ipshared/b752/hdl/generic_baseblocks_v2_1_vl_rfs.v:2133]
INFO: [Synth 8-6155] done synthesizing module 'generic_baseblocks_v2_1_0_comparator_static__parameterized0' (2#1) [d:/MANTY/BlackboardSynth_MANTIS/synth_modules/programmable_synth_core/programmable_synth_core.gen/sources_1/bd/mantis_synth/ipshared/b752/hdl/generic_baseblocks_v2_1_vl_rfs.v:2133]
INFO: [Synth 8-6155] done synthesizing module 'axi_crossbar_v2_1_25_addr_decoder' (3#1) [d:/MANTY/BlackboardSynth_MANTIS/synth_modules/programmable_synth_core/programmable_synth_core.gen/sources_1/bd/mantis_synth/ipshared/3917/hdl/axi_crossbar_v2_1_vl_rfs.v:794]
INFO: [Synth 8-6157] synthesizing module 'axi_crossbar_v2_1_25_decerr_slave' [d:/MANTY/BlackboardSynth_MANTIS/synth_modules/programmable_synth_core/programmable_synth_core.gen/sources_1/bd/mantis_synth/ipshared/3917/hdl/axi_crossbar_v2_1_vl_rfs.v:3501]
INFO: [Synth 8-6155] done synthesizing module 'axi_crossbar_v2_1_25_decerr_slave' (4#1) [d:/MANTY/BlackboardSynth_MANTIS/synth_modules/programmable_synth_core/programmable_synth_core.gen/sources_1/bd/mantis_synth/ipshared/3917/hdl/axi_crossbar_v2_1_vl_rfs.v:3501]
INFO: [Synth 8-6157] synthesizing module 'axi_crossbar_v2_1_25_addr_arbiter_sasd' [d:/MANTY/BlackboardSynth_MANTIS/synth_modules/programmable_synth_core/programmable_synth_core.gen/sources_1/bd/mantis_synth/ipshared/3917/hdl/axi_crossbar_v2_1_vl_rfs.v:65]
INFO: [Synth 8-6155] done synthesizing module 'axi_crossbar_v2_1_25_addr_arbiter_sasd' (5#1) [d:/MANTY/BlackboardSynth_MANTIS/synth_modules/programmable_synth_core/programmable_synth_core.gen/sources_1/bd/mantis_synth/ipshared/3917/hdl/axi_crossbar_v2_1_vl_rfs.v:65]
INFO: [Synth 8-6157] synthesizing module 'axi_crossbar_v2_1_25_splitter' [d:/MANTY/BlackboardSynth_MANTIS/synth_modules/programmable_synth_core/programmable_synth_core.gen/sources_1/bd/mantis_synth/ipshared/3917/hdl/axi_crossbar_v2_1_vl_rfs.v:4461]
INFO: [Synth 8-6155] done synthesizing module 'axi_crossbar_v2_1_25_splitter' (6#1) [d:/MANTY/BlackboardSynth_MANTIS/synth_modules/programmable_synth_core/programmable_synth_core.gen/sources_1/bd/mantis_synth/ipshared/3917/hdl/axi_crossbar_v2_1_vl_rfs.v:4461]
INFO: [Synth 8-6157] synthesizing module 'axi_crossbar_v2_1_25_splitter__parameterized0' [d:/MANTY/BlackboardSynth_MANTIS/synth_modules/programmable_synth_core/programmable_synth_core.gen/sources_1/bd/mantis_synth/ipshared/3917/hdl/axi_crossbar_v2_1_vl_rfs.v:4461]
INFO: [Synth 8-6155] done synthesizing module 'axi_crossbar_v2_1_25_splitter__parameterized0' (6#1) [d:/MANTY/BlackboardSynth_MANTIS/synth_modules/programmable_synth_core/programmable_synth_core.gen/sources_1/bd/mantis_synth/ipshared/3917/hdl/axi_crossbar_v2_1_vl_rfs.v:4461]
INFO: [Synth 8-6157] synthesizing module 'generic_baseblocks_v2_1_0_mux_enc' [d:/MANTY/BlackboardSynth_MANTIS/synth_modules/programmable_synth_core/programmable_synth_core.gen/sources_1/bd/mantis_synth/ipshared/b752/hdl/generic_baseblocks_v2_1_vl_rfs.v:2452]
INFO: [Synth 8-6155] done synthesizing module 'generic_baseblocks_v2_1_0_mux_enc' (7#1) [d:/MANTY/BlackboardSynth_MANTIS/synth_modules/programmable_synth_core/programmable_synth_core.gen/sources_1/bd/mantis_synth/ipshared/b752/hdl/generic_baseblocks_v2_1_vl_rfs.v:2452]
INFO: [Synth 8-6157] synthesizing module 'generic_baseblocks_v2_1_0_mux_enc__parameterized0' [d:/MANTY/BlackboardSynth_MANTIS/synth_modules/programmable_synth_core/programmable_synth_core.gen/sources_1/bd/mantis_synth/ipshared/b752/hdl/generic_baseblocks_v2_1_vl_rfs.v:2452]
INFO: [Synth 8-6155] done synthesizing module 'generic_baseblocks_v2_1_0_mux_enc__parameterized0' (7#1) [d:/MANTY/BlackboardSynth_MANTIS/synth_modules/programmable_synth_core/programmable_synth_core.gen/sources_1/bd/mantis_synth/ipshared/b752/hdl/generic_baseblocks_v2_1_vl_rfs.v:2452]
INFO: [Synth 8-6157] synthesizing module 'generic_baseblocks_v2_1_0_mux_enc__parameterized1' [d:/MANTY/BlackboardSynth_MANTIS/synth_modules/programmable_synth_core/programmable_synth_core.gen/sources_1/bd/mantis_synth/ipshared/b752/hdl/generic_baseblocks_v2_1_vl_rfs.v:2452]
INFO: [Synth 8-6155] done synthesizing module 'generic_baseblocks_v2_1_0_mux_enc__parameterized1' (7#1) [d:/MANTY/BlackboardSynth_MANTIS/synth_modules/programmable_synth_core/programmable_synth_core.gen/sources_1/bd/mantis_synth/ipshared/b752/hdl/generic_baseblocks_v2_1_vl_rfs.v:2452]
INFO: [Synth 8-6157] synthesizing module 'axi_register_slice_v2_1_24_axic_register_slice' [d:/MANTY/BlackboardSynth_MANTIS/synth_modules/programmable_synth_core/programmable_synth_core.gen/sources_1/bd/mantis_synth/ipshared/8f68/hdl/axi_register_slice_v2_1_vl_rfs.v:1498]
INFO: [Synth 8-6155] done synthesizing module 'axi_register_slice_v2_1_24_axic_register_slice' (8#1) [d:/MANTY/BlackboardSynth_MANTIS/synth_modules/programmable_synth_core/programmable_synth_core.gen/sources_1/bd/mantis_synth/ipshared/8f68/hdl/axi_register_slice_v2_1_vl_rfs.v:1498]
INFO: [Synth 8-6157] synthesizing module 'generic_baseblocks_v2_1_0_mux_enc__parameterized2' [d:/MANTY/BlackboardSynth_MANTIS/synth_modules/programmable_synth_core/programmable_synth_core.gen/sources_1/bd/mantis_synth/ipshared/b752/hdl/generic_baseblocks_v2_1_vl_rfs.v:2452]
INFO: [Synth 8-6155] done synthesizing module 'generic_baseblocks_v2_1_0_mux_enc__parameterized2' (8#1) [d:/MANTY/BlackboardSynth_MANTIS/synth_modules/programmable_synth_core/programmable_synth_core.gen/sources_1/bd/mantis_synth/ipshared/b752/hdl/generic_baseblocks_v2_1_vl_rfs.v:2452]
INFO: [Synth 8-6155] done synthesizing module 'axi_crossbar_v2_1_25_crossbar_sasd' (9#1) [d:/MANTY/BlackboardSynth_MANTIS/synth_modules/programmable_synth_core/programmable_synth_core.gen/sources_1/bd/mantis_synth/ipshared/3917/hdl/axi_crossbar_v2_1_vl_rfs.v:1240]
INFO: [Synth 8-6155] done synthesizing module 'axi_crossbar_v2_1_25_axi_crossbar' (10#1) [d:/MANTY/BlackboardSynth_MANTIS/synth_modules/programmable_synth_core/programmable_synth_core.gen/sources_1/bd/mantis_synth/ipshared/3917/hdl/axi_crossbar_v2_1_vl_rfs.v:4884]
INFO: [Synth 8-6155] done synthesizing module 'mantis_synth_xbar_0' (11#1) [d:/MANTY/BlackboardSynth_MANTIS/synth_modules/programmable_synth_core/programmable_synth_core.gen/sources_1/bd/mantis_synth/ip/mantis_synth_xbar_0/synth/mantis_synth_xbar_0.v:59]
---------------------------------------------------------------------------------
Finished RTL Elaboration : Time (s): cpu = 00:00:20 ; elapsed = 00:00:26 . Memory (MB): peak = 1119.211 ; gain = 0.000
---------------------------------------------------------------------------------
---------------------------------------------------------------------------------
Start Handling Custom Attributes
---------------------------------------------------------------------------------
---------------------------------------------------------------------------------
Finished Handling Custom Attributes : Time (s): cpu = 00:00:21 ; elapsed = 00:00:27 . Memory (MB): peak = 1119.211 ; gain = 0.000
---------------------------------------------------------------------------------
---------------------------------------------------------------------------------
Finished RTL Optimization Phase 1 : Time (s): cpu = 00:00:21 ; elapsed = 00:00:27 . Memory (MB): peak = 1119.211 ; gain = 0.000
---------------------------------------------------------------------------------
Netlist sorting complete. Time (s): cpu = 00:00:00 ; elapsed = 00:00:00.053 . Memory (MB): peak = 1119.211 ; gain = 0.000
INFO: [Project 1-570] Preparing netlist for logic optimization

Processing XDC Constraints
Initializing timing engine
Parsing XDC File [d:/MANTY/BlackboardSynth_MANTIS/synth_modules/programmable_synth_core/programmable_synth_core.gen/sources_1/bd/mantis_synth/ip/mantis_synth_xbar_0/mantis_synth_xbar_0_ooc.xdc] for cell 'inst'
Finished Parsing XDC File [d:/MANTY/BlackboardSynth_MANTIS/synth_modules/programmable_synth_core/programmable_synth_core.gen/sources_1/bd/mantis_synth/ip/mantis_synth_xbar_0/mantis_synth_xbar_0_ooc.xdc] for cell 'inst'
Parsing XDC File [D:/MANTY/BlackboardSynth_MANTIS/synth_modules/programmable_synth_core/programmable_synth_core.runs/mantis_synth_xbar_0_synth_1/dont_touch.xdc]
Finished Parsing XDC File [D:/MANTY/BlackboardSynth_MANTIS/synth_modules/programmable_synth_core/programmable_synth_core.runs/mantis_synth_xbar_0_synth_1/dont_touch.xdc]
Completed Processing XDC Constraints

Netlist sorting complete. Time (s): cpu = 00:00:00 ; elapsed = 00:00:00.002 . Memory (MB): peak = 1208.691 ; gain = 0.000
INFO: [Project 1-111] Unisim Transformation Summary:
No Unisim elements were transformed.

Constraint Validation Runtime : Time (s): cpu = 00:00:00 ; elapsed = 00:00:00.290 . Memory (MB): peak = 1208.691 ; gain = 0.000
---------------------------------------------------------------------------------
Finished Constraint Validation : Time (s): cpu = 00:00:33 ; elapsed = 00:00:41 . Memory (MB): peak = 1208.691 ; gain = 89.480
---------------------------------------------------------------------------------
---------------------------------------------------------------------------------
Start Loading Part and Timing Information
---------------------------------------------------------------------------------
Loading part: xc7z007sclg400-1
---------------------------------------------------------------------------------
Finished Loading Part and Timing Information : Time (s): cpu = 00:00:33 ; elapsed = 00:00:41 . Memory (MB): peak = 1208.691 ; gain = 89.480
---------------------------------------------------------------------------------
---------------------------------------------------------------------------------
Start Applying 'set_property' XDC Constraints
---------------------------------------------------------------------------------
Applied set_property KEEP_HIERARCHY = SOFT for inst. (constraint file  D:/MANTY/BlackboardSynth_MANTIS/synth_modules/programmable_synth_core/programmable_synth_core.runs/mantis_synth_xbar_0_synth_1/dont_touch.xdc, line 9).
---------------------------------------------------------------------------------
Finished applying 'set_property' XDC Constraints : Time (s): cpu = 00:00:33 ; elapsed = 00:00:41 . Memory (MB): peak = 1208.691 ; gain = 89.480
---------------------------------------------------------------------------------
---------------------------------------------------------------------------------
Finished RTL Optimization Phase 2 : Time (s): cpu = 00:00:34 ; elapsed = 00:00:42 . Memory (MB): peak = 1208.691 ; gain = 89.480
---------------------------------------------------------------------------------
---------------------------------------------------------------------------------
Start RTL Component Statistics 
---------------------------------------------------------------------------------
Detailed RTL Component Info : 
+---Registers : 
	               64 Bit    Registers := 1     
	               36 Bit    Registers := 2     
	                3 Bit    Registers := 2     
	                2 Bit    Registers := 3     
	                1 Bit    Registers := 14    
+---Muxes : 
	   2 Input   64 Bit        Muxes := 1     
	   2 Input   36 Bit        Muxes := 2     
	   2 Input    3 Bit        Muxes := 1     
	   2 Input    2 Bit        Muxes := 2     
	   2 Input    1 Bit        Muxes := 30    
---------------------------------------------------------------------------------
Finished RTL Component Statistics 
---------------------------------------------------------------------------------
---------------------------------------------------------------------------------
Start Part Resource Summary
---------------------------------------------------------------------------------
Part Resources:
DSPs: 66 (col length:40)
BRAMs: 100 (col length: RAMB18 40 RAMB36 20)
---------------------------------------------------------------------------------
Finished Part Resource Summary
---------------------------------------------------------------------------------
---------------------------------------------------------------------------------
Start Cross Boundary and Area Optimization
---------------------------------------------------------------------------------
---------------------------------------------------------------------------------
Finished Cross Boundary and Area Optimization : Time (s): cpu = 00:00:37 ; elapsed = 00:00:46 . Memory (MB): peak = 1208.691 ; gain = 89.480
---------------------------------------------------------------------------------
---------------------------------------------------------------------------------
Start Applying XDC Timing Constraints
---------------------------------------------------------------------------------
---------------------------------------------------------------------------------
Finished Applying XDC Timing Constraints : Time (s): cpu = 00:00:48 ; elapsed = 00:00:58 . Memory (MB): peak = 1208.691 ; gain = 89.480
---------------------------------------------------------------------------------
---------------------------------------------------------------------------------
Start Timing Optimization
---------------------------------------------------------------------------------
---------------------------------------------------------------------------------
Finished Timing Optimization : Time (s): cpu = 00:00:49 ; elapsed = 00:00:58 . Memory (MB): peak = 1208.691 ; gain = 89.480
---------------------------------------------------------------------------------
---------------------------------------------------------------------------------
Start Technology Mapping
---------------------------------------------------------------------------------
---------------------------------------------------------------------------------
Finished Technology Mapping : Time (s): cpu = 00:00:49 ; elapsed = 00:00:59 . Memory (MB): peak = 1208.691 ; gain = 89.480
---------------------------------------------------------------------------------
---------------------------------------------------------------------------------
Start IO Insertion
---------------------------------------------------------------------------------
---------------------------------------------------------------------------------
Start Flattening Before IO Insertion
---------------------------------------------------------------------------------
---------------------------------------------------------------------------------
Finished Flattening Before IO Insertion
---------------------------------------------------------------------------------
---------------------------------------------------------------------------------
Start Final Netlist Cleanup
---------------------------------------------------------------------------------
---------------------------------------------------------------------------------
Finished Final Netlist Cleanup
---------------------------------------------------------------------------------
---------------------------------------------------------------------------------
Finished IO Insertion : Time (s): cpu = 00:00:54 ; elapsed = 00:01:04 . Memory (MB): peak = 1208.691 ; gain = 89.480
---------------------------------------------------------------------------------
---------------------------------------------------------------------------------
Start Renaming Generated Instances
---------------------------------------------------------------------------------
---------------------------------------------------------------------------------
Finished Renaming Generated Instances : Time (s): cpu = 00:00:54 ; elapsed = 00:01:04 . Memory (MB): peak = 1208.691 ; gain = 89.480
---------------------------------------------------------------------------------
---------------------------------------------------------------------------------
Start Rebuilding User Hierarchy
---------------------------------------------------------------------------------
---------------------------------------------------------------------------------
Finished Rebuilding User Hierarchy : Time (s): cpu = 00:00:54 ; elapsed = 00:01:04 . Memory (MB): peak = 1208.691 ; gain = 89.480
---------------------------------------------------------------------------------
---------------------------------------------------------------------------------
Start Renaming Generated Ports
---------------------------------------------------------------------------------
---------------------------------------------------------------------------------
Finished Renaming Generated Ports : Time (s): cpu = 00:00:54 ; elapsed = 00:01:04 . Memory (MB): peak = 1208.691 ; gain = 89.480
---------------------------------------------------------------------------------
---------------------------------------------------------------------------------
Start Handling Custom Attributes
---------------------------------------------------------------------------------
---------------------------------------------------------------------------------
Finished Handling Custom Attributes : Time (s): cpu = 00:00:54 ; elapsed = 00:01:04 . Memory (MB): peak = 1208.691 ; gain = 89.480
---------------------------------------------------------------------------------
---------------------------------------------------------------------------------
Start Renaming Generated Nets
---------------------------------------------------------------------------------
---------------------------------------------------------------------------------
Finished Renaming Generated Nets : Time (s): cpu = 00:00:54 ; elapsed = 00:01:04 . Memory (MB): peak = 1208.691 ; gain = 89.480
---------------------------------------------------------------------------------
---------------------------------------------------------------------------------
Start Writing Synthesis Report
---------------------------------------------------------------------------------

Report BlackBoxes: 
+-+--------------+----------+
| |BlackBox name |Instances |
+-+--------------+----------+
+-+--------------+----------+

Report Cell Usage: 
+------+-----+------+
|      |Cell |Count |
+------+-----+------+
|1     |LUT1 |     1|
|2     |LUT2 |     9|
|3     |LUT3 |     4|
|4     |LUT4 |    64|
|5     |LUT5 |    18|
|6     |LUT6 |    53|
|7     |FDRE |   130|
+------+-----+------+
---------------------------------------------------------------------------------
Finished Writing Synthesis Report : Time (s): cpu = 00:00:54 ; elapsed = 00:01:04 . Memory (MB): peak = 1208.691 ; gain = 89.480
---------------------------------------------------------------------------------
Synthesis finished with 0 errors, 0 critical warnings and 0 warnings.
Synthesis Optimization Runtime : Time (s): cpu = 00:00:30 ; elapsed = 00:00:58 . Memory (MB): peak = 1208.691 ; gain = 0.000
Synthesis Optimization Complete : Time (s): cpu = 00:00:55 ; elapsed = 00:01:04 . Memory (MB): peak = 1208.691 ; gain = 89.480
INFO: [Project 1-571] Translating synthesized netlist
Netlist sorting complete. Time (s): cpu = 00:00:00 ; elapsed = 00:00:00.049 . Memory (MB): peak = 1208.691 ; gain = 0.000
INFO: [Project 1-570] Preparing netlist for logic optimization
INFO: [Opt 31-138] Pushed 0 inverter(s) to 0 load pin(s).
Netlist sorting complete. Time (s): cpu = 00:00:00 ; elapsed = 00:00:00.001 . Memory (MB): peak = 1208.691 ; gain = 0.000
INFO: [Project 1-111] Unisim Transformation Summary:
No Unisim elements were transformed.

Synth Design complete, checksum: 156cabec
INFO: [Common 17-83] Releasing license: Synthesis
47 Infos, 1 Warnings, 0 Critical Warnings and 0 Errors encountered.
synth_design completed successfully
synth_design: Time (s): cpu = 00:01:03 ; elapsed = 00:01:15 . Memory (MB): peak = 1208.691 ; gain = 89.480
INFO: [Common 17-1381] The checkpoint 'D:/MANTY/BlackboardSynth_MANTIS/synth_modules/programmable_synth_core/programmable_synth_core.runs/mantis_synth_xbar_0_synth_1/mantis_synth_xbar_0.dcp' has been generated.
INFO: [Coretcl 2-1648] Added synthesis output to IP cache for IP mantis_synth_xbar_0, cache-ID = d4278e5bc5ab55c7
INFO: [Coretcl 2-1174] Renamed 7 cell refs.
INFO: [Common 17-1381] The checkpoint 'D:/MANTY/BlackboardSynth_MANTIS/synth_modules/programmable_synth_core/programmable_synth_core.runs/mantis_synth_xbar_0_synth_1/mantis_synth_xbar_0.dcp' has been generated.
INFO: [runtcl-4] Executing : report_utilization -file mantis_synth_xbar_0_utilization_synth.rpt -pb mantis_synth_xbar_0_utilization_synth.pb
INFO: [Common 17-206] Exiting Vivado at Thu Oct 26 12:29:21 2023...
