Copyright 1986-2021 Xilinx, Inc. All Rights Reserved.
-------------------------------------------------------------------------------------------------
| Tool Version : Vivado v.2021.1 (win64) Build 3247384 Thu Jun 10 19:36:33 MDT 2021
| Date         : Wed Oct 25 17:53:48 2023
| Host         : GaryPC running 64-bit major release  (build 9200)
| Command      : report_control_sets -verbose -file mantis_synth_wrapper_control_sets_placed.rpt
| Design       : mantis_synth_wrapper
| Device       : xc7z007s
-------------------------------------------------------------------------------------------------

Control Set Information

Table of Contents
-----------------
1. Summary
2. Histogram
3. Flip-Flop Distribution
4. Detailed Control Set Information

1. Summary
----------

+----------------------------------------------------------+-------+
|                          Status                          | Count |
+----------------------------------------------------------+-------+
| Total control sets                                       |    76 |
|    Minimum number of control sets                        |    76 |
|    Addition due to synthesis replication                 |     0 |
|    Addition due to physical synthesis replication        |     0 |
| Unused register locations in slices containing registers |   110 |
+----------------------------------------------------------+-------+
* Control sets can be merged at opt_design using control_set_merge or merge_equivalent_drivers
** Run report_qor_suggestions for automated merging and remapping suggestions


2. Histogram
------------

+--------------------+-------+
|       Fanout       | Count |
+--------------------+-------+
| Total control sets |    76 |
| >= 0 to < 4        |     3 |
| >= 4 to < 6        |    10 |
| >= 6 to < 8        |     1 |
| >= 8 to < 10       |    33 |
| >= 10 to < 12      |     4 |
| >= 12 to < 14      |     2 |
| >= 14 to < 16      |     3 |
| >= 16              |    20 |
+--------------------+-------+
* Control sets can be remapped at either synth_design or opt_design


3. Flip-Flop Distribution
-------------------------

+--------------+-----------------------+------------------------+-----------------+--------------+
| Clock Enable | Synchronous Set/Reset | Asynchronous Set/Reset | Total Registers | Total Slices |
+--------------+-----------------------+------------------------+-----------------+--------------+
| No           | No                    | No                     |             145 |           43 |
| No           | No                    | Yes                    |               0 |            0 |
| No           | Yes                   | No                     |             153 |           64 |
| Yes          | No                    | No                     |             405 |           88 |
| Yes          | No                    | Yes                    |               0 |            0 |
| Yes          | Yes                   | No                     |             419 |          102 |
+--------------+-----------------------+------------------------+-----------------+--------------+


4. Detailed Control Set Information
-----------------------------------

+-----------------------------------------------------------------------------------------------+--------------------------------------------------------------------------------------------------------------------------------------------------------------------+-----------------------------------------------------------------------------------------------------------------------------------------------------------+------------------+----------------+--------------+
|                                          Clock Signal                                         |                                                                            Enable Signal                                                                           |                                                                      Set/Reset Signal                                                                     | Slice Load Count | Bel Load Count | Bels / Slice |
+-----------------------------------------------------------------------------------------------+--------------------------------------------------------------------------------------------------------------------------------------------------------------------+-----------------------------------------------------------------------------------------------------------------------------------------------------------+------------------+----------------+--------------+
|  mantis_synth_i/processing_system7_0/inst/FCLK_CLK0                                           | mantis_synth_i/ps7_0_axi_periph/s00_couplers/auto_pc/inst/gen_axilite.gen_b2s_conv.axilite_b2s/WR.aw_channel_0/aw_cmd_fsm_0/FSM_sequential_state_reg[0]_1          | mantis_synth_i/ps7_0_axi_periph/s00_couplers/auto_pc/inst/gen_axilite.gen_b2s_conv.axilite_b2s/WR.aw_channel_0/aw_cmd_fsm_0/FSM_sequential_state_reg[0]_0 |                1 |              1 |         1.00 |
|  mantis_synth_i/processing_system7_0/inst/FCLK_CLK0                                           | mantis_synth_i/ps7_0_axi_periph/s00_couplers/auto_pc/inst/gen_axilite.gen_b2s_conv.axilite_b2s/WR.b_channel_0/bid_fifo_0/sel                                       |                                                                                                                                                           |                1 |              2 |         2.00 |
|  clk_IBUF_BUFG                                                                                |                                                                                                                                                                    |                                                                                                                                                           |                2 |              2 |         1.00 |
|  mantis_synth_i/processing_system7_0/inst/FCLK_CLK0                                           |                                                                                                                                                                    | mantis_synth_i/ps7_0_axi_periph/s00_couplers/auto_pc/inst/gen_axilite.gen_b2s_conv.axilite_b2s/SI_REG/ar.ar_pipe/aresetn_d_reg[1]_inv_0                   |                1 |              4 |         4.00 |
|  mantis_synth_i/processing_system7_0/inst/FCLK_CLK0                                           | mantis_synth_i/ps7_0_axi_periph/s00_couplers/auto_pc/inst/gen_axilite.gen_b2s_conv.axilite_b2s/WR.aw_channel_0/cmd_translator_0/incr_cmd_0/axaddr_incr[11]_i_1_n_0 |                                                                                                                                                           |                1 |              4 |         4.00 |
|  mantis_synth_i/processing_system7_0/inst/FCLK_CLK0                                           | mantis_synth_i/ps7_0_axi_periph/s00_couplers/auto_pc/inst/gen_axilite.gen_b2s_conv.axilite_b2s/WR.aw_channel_0/aw_cmd_fsm_0/m_valid_i_reg[0]                       |                                                                                                                                                           |                2 |              4 |         2.00 |
|  mantis_synth_i/processing_system7_0/inst/FCLK_CLK0                                           |                                                                                                                                                                    | mantis_synth_i/rst_ps7_0_50M/U0/EXT_LPF/lpf_int                                                                                                           |                1 |              4 |         4.00 |
|  mantis_synth_i/processing_system7_0/inst/FCLK_CLK0                                           |                                                                                                                                                                    | mantis_synth_i/ps7_0_axi_periph/s00_couplers/auto_pc/inst/gen_axilite.gen_b2s_conv.axilite_b2s/SI_REG/aw.aw_pipe/aresetn_d_reg[0]_0                       |                1 |              4 |         4.00 |
|  mantis_synth_i/processing_system7_0/inst/FCLK_CLK0                                           | mantis_synth_i/ps7_0_axi_periph/s00_couplers/auto_pc/inst/gen_axilite.gen_b2s_conv.axilite_b2s/RD.ar_channel_0/ar_cmd_fsm_0/m_axi_arready_2                        | mantis_synth_i/ps7_0_axi_periph/s00_couplers/auto_pc/inst/gen_axilite.gen_b2s_conv.axilite_b2s/RD.ar_channel_0/ar_cmd_fsm_0/FSM_sequential_state_reg[1]_0 |                2 |              4 |         2.00 |
|  mantis_synth_i/processing_system7_0/inst/FCLK_CLK0                                           | mantis_synth_i/ps7_0_axi_periph/s00_couplers/auto_pc/inst/gen_axilite.gen_b2s_conv.axilite_b2s/RD.ar_channel_0/ar_cmd_fsm_0/sel_first_reg[0]                       |                                                                                                                                                           |                1 |              4 |         4.00 |
|  mantis_synth_i/processing_system7_0/inst/FCLK_CLK0                                           | mantis_synth_i/ps7_0_axi_periph/s00_couplers/auto_pc/inst/gen_axilite.gen_b2s_conv.axilite_b2s/RD.ar_channel_0/ar_cmd_fsm_0/E[0]                                   |                                                                                                                                                           |                1 |              4 |         4.00 |
|  mantis_synth_i/processing_system7_0/inst/FCLK_CLK0                                           | mantis_synth_i/ps7_0_axi_periph/s00_couplers/auto_pc/inst/gen_axilite.gen_b2s_conv.axilite_b2s/RD.r_channel_0/transaction_fifo_0/cnt_read[4]_i_1_n_0               | mantis_synth_i/ps7_0_axi_periph/s00_couplers/auto_pc/inst/gen_axilite.gen_b2s_conv.axilite_b2s/areset_d1                                                  |                2 |              5 |         2.50 |
|  mantis_synth_i/processing_system7_0/inst/FCLK_CLK0                                           | mantis_synth_i/ps7_0_axi_periph/s00_couplers/auto_pc/inst/gen_axilite.gen_b2s_conv.axilite_b2s/RD.r_channel_0/rd_data_fifo_0/cnt_read[4]_i_1__0_n_0                | mantis_synth_i/ps7_0_axi_periph/s00_couplers/auto_pc/inst/gen_axilite.gen_b2s_conv.axilite_b2s/areset_d1                                                  |                1 |              5 |         5.00 |
|  mantis_synth_i/processing_system7_0/inst/FCLK_CLK0                                           | mantis_synth_i/rst_ps7_0_50M/U0/SEQ/seq_cnt_en                                                                                                                     | mantis_synth_i/rst_ps7_0_50M/U0/SEQ/SEQ_COUNTER/clear                                                                                                     |                1 |              6 |         6.00 |
|  mantis_synth_i/processing_system7_0/inst/FCLK_CLK0                                           | mantis_synth_i/mantis_synth_0/inst/mantis_synth_v1_0_S_AXI_inst/slv_reg0[7]_i_1_n_0                                                                                | mantis_synth_i/mantis_synth_0/inst/mantis_synth_v1_0_S_AXI_inst/axi_awready_i_1_n_0                                                                       |                2 |              8 |         4.00 |
|  mantis_synth_i/processing_system7_0/inst/FCLK_CLK0                                           | mantis_synth_i/mantis_synth_0/inst/mantis_synth_v1_0_S_AXI_inst/slv_reg0[23]_i_1_n_0                                                                               | mantis_synth_i/mantis_synth_0/inst/mantis_synth_v1_0_S_AXI_inst/axi_awready_i_1_n_0                                                                       |                1 |              8 |         8.00 |
|  mantis_synth_i/processing_system7_0/inst/FCLK_CLK0                                           | mantis_synth_i/mantis_synth_0/inst/mantis_synth_v1_0_S_AXI_inst/slv_reg0[15]_i_1_n_0                                                                               | mantis_synth_i/mantis_synth_0/inst/mantis_synth_v1_0_S_AXI_inst/axi_awready_i_1_n_0                                                                       |                1 |              8 |         8.00 |
|  mantis_synth_i/processing_system7_0/inst/FCLK_CLK0                                           | mantis_synth_i/mantis_synth_0/inst/mantis_synth_v1_0_S_AXI_inst/slv_reg0[31]_i_1_n_0                                                                               | mantis_synth_i/mantis_synth_0/inst/mantis_synth_v1_0_S_AXI_inst/axi_awready_i_1_n_0                                                                       |                2 |              8 |         4.00 |
|  mantis_synth_i/processing_system7_0/inst/FCLK_CLK0                                           | mantis_synth_i/mantis_synth_0/inst/mantis_synth_v1_0_S_AXI_inst/slv_reg2[7]_i_1_n_0                                                                                | mantis_synth_i/mantis_synth_0/inst/mantis_synth_v1_0_S_AXI_inst/axi_awready_i_1_n_0                                                                       |                1 |              8 |         8.00 |
|  mantis_synth_i/processing_system7_0/inst/FCLK_CLK0                                           | mantis_synth_i/mantis_synth_0/inst/mantis_synth_v1_0_S_AXI_inst/slv_reg1[23]_i_1_n_0                                                                               | mantis_synth_i/mantis_synth_0/inst/mantis_synth_v1_0_S_AXI_inst/axi_awready_i_1_n_0                                                                       |                2 |              8 |         4.00 |
|  mantis_synth_i/processing_system7_0/inst/FCLK_CLK0                                           | mantis_synth_i/mantis_synth_0/inst/mantis_synth_v1_0_S_AXI_inst/slv_reg1[31]_i_1_n_0                                                                               | mantis_synth_i/mantis_synth_0/inst/mantis_synth_v1_0_S_AXI_inst/axi_awready_i_1_n_0                                                                       |                1 |              8 |         8.00 |
|  mantis_synth_i/processing_system7_0/inst/FCLK_CLK0                                           | mantis_synth_i/mantis_synth_0/inst/mantis_synth_v1_0_S_AXI_inst/slv_reg2[15]_i_1_n_0                                                                               | mantis_synth_i/mantis_synth_0/inst/mantis_synth_v1_0_S_AXI_inst/axi_awready_i_1_n_0                                                                       |                1 |              8 |         8.00 |
|  mantis_synth_i/processing_system7_0/inst/FCLK_CLK0                                           | mantis_synth_i/mantis_synth_0/inst/mantis_synth_v1_0_S_AXI_inst/slv_reg1[15]_i_1_n_0                                                                               | mantis_synth_i/mantis_synth_0/inst/mantis_synth_v1_0_S_AXI_inst/axi_awready_i_1_n_0                                                                       |                2 |              8 |         4.00 |
|  mantis_synth_i/processing_system7_0/inst/FCLK_CLK0                                           | mantis_synth_i/mantis_synth_0/inst/mantis_synth_v1_0_S_AXI_inst/slv_reg2[23]_i_1_n_0                                                                               | mantis_synth_i/mantis_synth_0/inst/mantis_synth_v1_0_S_AXI_inst/axi_awready_i_1_n_0                                                                       |                1 |              8 |         8.00 |
|  mantis_synth_i/processing_system7_0/inst/FCLK_CLK0                                           | mantis_synth_i/mantis_synth_0/inst/mantis_synth_v1_0_S_AXI_inst/slv_reg2[31]_i_1_n_0                                                                               | mantis_synth_i/mantis_synth_0/inst/mantis_synth_v1_0_S_AXI_inst/axi_awready_i_1_n_0                                                                       |                2 |              8 |         4.00 |
|  mantis_synth_i/processing_system7_0/inst/FCLK_CLK0                                           | mantis_synth_i/mantis_synth_0/inst/mantis_synth_v1_0_S_AXI_inst/slv_reg3[15]_i_1_n_0                                                                               | mantis_synth_i/mantis_synth_0/inst/mantis_synth_v1_0_S_AXI_inst/axi_awready_i_1_n_0                                                                       |                1 |              8 |         8.00 |
|  mantis_synth_i/processing_system7_0/inst/FCLK_CLK0                                           | mantis_synth_i/mantis_synth_0/inst/mantis_synth_v1_0_S_AXI_inst/slv_reg3[23]_i_1_n_0                                                                               | mantis_synth_i/mantis_synth_0/inst/mantis_synth_v1_0_S_AXI_inst/axi_awready_i_1_n_0                                                                       |                1 |              8 |         8.00 |
|  mantis_synth_i/processing_system7_0/inst/FCLK_CLK0                                           | mantis_synth_i/mantis_synth_0/inst/mantis_synth_v1_0_S_AXI_inst/slv_reg3[31]_i_1_n_0                                                                               | mantis_synth_i/mantis_synth_0/inst/mantis_synth_v1_0_S_AXI_inst/axi_awready_i_1_n_0                                                                       |                1 |              8 |         8.00 |
|  mantis_synth_i/processing_system7_0/inst/FCLK_CLK0                                           | mantis_synth_i/mantis_synth_0/inst/mantis_synth_v1_0_S_AXI_inst/slv_reg3[7]_i_1_n_0                                                                                | mantis_synth_i/mantis_synth_0/inst/mantis_synth_v1_0_S_AXI_inst/axi_awready_i_1_n_0                                                                       |                1 |              8 |         8.00 |
|  mantis_synth_i/processing_system7_0/inst/FCLK_CLK0                                           | mantis_synth_i/mantis_synth_1/inst/mantis_synth_v1_0_S_AXI_inst/slv_reg0[31]_i_1_n_0                                                                               | mantis_synth_i/mantis_synth_1/inst/mantis_synth_v1_0_S_AXI_inst/axi_awready_i_1_n_0                                                                       |                1 |              8 |         8.00 |
|  mantis_synth_i/processing_system7_0/inst/FCLK_CLK0                                           | mantis_synth_i/mantis_synth_1/inst/mantis_synth_v1_0_S_AXI_inst/slv_reg0[23]_i_1_n_0                                                                               | mantis_synth_i/mantis_synth_1/inst/mantis_synth_v1_0_S_AXI_inst/axi_awready_i_1_n_0                                                                       |                2 |              8 |         4.00 |
|  mantis_synth_i/processing_system7_0/inst/FCLK_CLK0                                           | mantis_synth_i/mantis_synth_1/inst/mantis_synth_v1_0_S_AXI_inst/slv_reg0[7]_i_1_n_0                                                                                | mantis_synth_i/mantis_synth_1/inst/mantis_synth_v1_0_S_AXI_inst/axi_awready_i_1_n_0                                                                       |                3 |              8 |         2.67 |
|  mantis_synth_i/processing_system7_0/inst/FCLK_CLK0                                           | mantis_synth_i/mantis_synth_1/inst/mantis_synth_v1_0_S_AXI_inst/slv_reg3[23]_i_1_n_0                                                                               | mantis_synth_i/mantis_synth_1/inst/mantis_synth_v1_0_S_AXI_inst/axi_awready_i_1_n_0                                                                       |                2 |              8 |         4.00 |
|  mantis_synth_i/processing_system7_0/inst/FCLK_CLK0                                           | mantis_synth_i/mantis_synth_1/inst/mantis_synth_v1_0_S_AXI_inst/slv_reg2[31]_i_1_n_0                                                                               | mantis_synth_i/mantis_synth_1/inst/mantis_synth_v1_0_S_AXI_inst/axi_awready_i_1_n_0                                                                       |                2 |              8 |         4.00 |
|  mantis_synth_i/processing_system7_0/inst/FCLK_CLK0                                           | mantis_synth_i/mantis_synth_1/inst/mantis_synth_v1_0_S_AXI_inst/slv_reg2[7]_i_1_n_0                                                                                | mantis_synth_i/mantis_synth_1/inst/mantis_synth_v1_0_S_AXI_inst/axi_awready_i_1_n_0                                                                       |                2 |              8 |         4.00 |
|  mantis_synth_i/processing_system7_0/inst/FCLK_CLK0                                           | mantis_synth_i/mantis_synth_1/inst/mantis_synth_v1_0_S_AXI_inst/slv_reg1[23]_i_1_n_0                                                                               | mantis_synth_i/mantis_synth_1/inst/mantis_synth_v1_0_S_AXI_inst/axi_awready_i_1_n_0                                                                       |                2 |              8 |         4.00 |
|  mantis_synth_i/processing_system7_0/inst/FCLK_CLK0                                           | mantis_synth_i/mantis_synth_1/inst/mantis_synth_v1_0_S_AXI_inst/slv_reg2[23]_i_1_n_0                                                                               | mantis_synth_i/mantis_synth_1/inst/mantis_synth_v1_0_S_AXI_inst/axi_awready_i_1_n_0                                                                       |                3 |              8 |         2.67 |
|  mantis_synth_i/processing_system7_0/inst/FCLK_CLK0                                           | mantis_synth_i/mantis_synth_1/inst/mantis_synth_v1_0_S_AXI_inst/slv_reg3[7]_i_1_n_0                                                                                | mantis_synth_i/mantis_synth_1/inst/mantis_synth_v1_0_S_AXI_inst/axi_awready_i_1_n_0                                                                       |                2 |              8 |         4.00 |
|  mantis_synth_i/processing_system7_0/inst/FCLK_CLK0                                           | mantis_synth_i/mantis_synth_1/inst/mantis_synth_v1_0_S_AXI_inst/slv_reg0[15]_i_1_n_0                                                                               | mantis_synth_i/mantis_synth_1/inst/mantis_synth_v1_0_S_AXI_inst/axi_awready_i_1_n_0                                                                       |                1 |              8 |         8.00 |
|  mantis_synth_i/processing_system7_0/inst/FCLK_CLK0                                           | mantis_synth_i/mantis_synth_1/inst/mantis_synth_v1_0_S_AXI_inst/slv_reg2[15]_i_1_n_0                                                                               | mantis_synth_i/mantis_synth_1/inst/mantis_synth_v1_0_S_AXI_inst/axi_awready_i_1_n_0                                                                       |                2 |              8 |         4.00 |
|  mantis_synth_i/processing_system7_0/inst/FCLK_CLK0                                           | mantis_synth_i/mantis_synth_1/inst/mantis_synth_v1_0_S_AXI_inst/slv_reg1[7]_i_1_n_0                                                                                | mantis_synth_i/mantis_synth_1/inst/mantis_synth_v1_0_S_AXI_inst/axi_awready_i_1_n_0                                                                       |                2 |              8 |         4.00 |
|  mantis_synth_i/processing_system7_0/inst/FCLK_CLK0                                           | mantis_synth_i/mantis_synth_1/inst/mantis_synth_v1_0_S_AXI_inst/slv_reg3[15]_i_1_n_0                                                                               | mantis_synth_i/mantis_synth_1/inst/mantis_synth_v1_0_S_AXI_inst/axi_awready_i_1_n_0                                                                       |                2 |              8 |         4.00 |
|  mantis_synth_i/processing_system7_0/inst/FCLK_CLK0                                           | mantis_synth_i/mantis_synth_1/inst/mantis_synth_v1_0_S_AXI_inst/slv_reg1[15]_i_1_n_0                                                                               | mantis_synth_i/mantis_synth_1/inst/mantis_synth_v1_0_S_AXI_inst/axi_awready_i_1_n_0                                                                       |                1 |              8 |         8.00 |
|  mantis_synth_i/processing_system7_0/inst/FCLK_CLK0                                           | mantis_synth_i/mantis_synth_1/inst/mantis_synth_v1_0_S_AXI_inst/slv_reg3[31]_i_1_n_0                                                                               | mantis_synth_i/mantis_synth_1/inst/mantis_synth_v1_0_S_AXI_inst/axi_awready_i_1_n_0                                                                       |                1 |              8 |         8.00 |
|  mantis_synth_i/processing_system7_0/inst/FCLK_CLK0                                           | mantis_synth_i/mantis_synth_1/inst/mantis_synth_v1_0_S_AXI_inst/slv_reg1[31]_i_1_n_0                                                                               | mantis_synth_i/mantis_synth_1/inst/mantis_synth_v1_0_S_AXI_inst/axi_awready_i_1_n_0                                                                       |                1 |              8 |         8.00 |
|  mantis_synth_i/processing_system7_0/inst/FCLK_CLK0                                           | mantis_synth_i/ps7_0_axi_periph/s00_couplers/auto_pc/inst/gen_axilite.gen_b2s_conv.axilite_b2s/WR.b_channel_0/mhandshake_r                                         | mantis_synth_i/ps7_0_axi_periph/s00_couplers/auto_pc/inst/gen_axilite.gen_b2s_conv.axilite_b2s/WR.b_channel_0/bid_fifo_0/SR[0]                            |                3 |              8 |         2.67 |
|  mantis_synth_i/processing_system7_0/inst/FCLK_CLK0                                           | mantis_synth_i/mantis_synth_0/inst/mantis_synth_v1_0_S_AXI_inst/slv_reg1[7]_i_1_n_0                                                                                | mantis_synth_i/mantis_synth_0/inst/mantis_synth_v1_0_S_AXI_inst/axi_awready_i_1_n_0                                                                       |                2 |              8 |         4.00 |
|  mantis_synth_i/processing_system7_0/inst/FCLK_CLK0                                           |                                                                                                                                                                    | mantis_synth_i/mantis_synth_1/inst/mantis_synth_v1_0_S_AXI_inst/axi_awready_i_1_n_0                                                                       |                4 |             10 |         2.50 |
|  mantis_synth_i/processing_system7_0/inst/FCLK_CLK0                                           |                                                                                                                                                                    | mantis_synth_i/mantis_synth_0/inst/mantis_synth_v1_0_S_AXI_inst/axi_awready_i_1_n_0                                                                       |                3 |             10 |         3.33 |
|  mantis_synth_i/processing_system7_0/inst/FCLK_CLK0                                           |                                                                                                                                                                    | mantis_synth_i/ps7_0_axi_periph/s00_couplers/auto_pc/inst/gen_axilite.gen_b2s_conv.axilite_b2s/areset_d1                                                  |                4 |             10 |         2.50 |
|  mantis_synth_i/processing_system7_0/inst/FCLK_CLK0                                           |                                                                                                                                                                    | mantis_synth_i/ps7_0_axi_periph/xbar/inst/gen_sasd.crossbar_sasd_0/addr_arbiter_inst/SR[0]                                                                |                3 |             11 |         3.67 |
|  mantis_synth_i/processing_system7_0/inst/FCLK_CLK0                                           | mantis_synth_i/ps7_0_axi_periph/s00_couplers/auto_pc/inst/gen_axilite.gen_b2s_conv.axilite_b2s/RD.ar_channel_0/ar_cmd_fsm_0/m_axi_arready_2                        |                                                                                                                                                           |                5 |             13 |         2.60 |
|  mantis_synth_i/processing_system7_0/inst/FCLK_CLK0                                           | mantis_synth_i/ps7_0_axi_periph/s00_couplers/auto_pc/inst/gen_axilite.gen_b2s_conv.axilite_b2s/RD.r_channel_0/r_push_r                                             |                                                                                                                                                           |                4 |             13 |         3.25 |
|  mantis_synth_i/processing_system7_0/inst/FCLK_CLK0                                           | mantis_synth_i/ps7_0_axi_periph/s00_couplers/auto_pc/inst/gen_axilite.gen_b2s_conv.axilite_b2s/SI_REG/b.b_pipe/p_1_in                                              |                                                                                                                                                           |                2 |             14 |         7.00 |
|  mantis_synth_i/processing_system7_0/inst/FCLK_CLK0                                           | mantis_synth_i/ps7_0_axi_periph/s00_couplers/auto_pc/inst/gen_axilite.gen_b2s_conv.axilite_b2s/SI_REG/b.b_pipe/s_ready_i_reg_0                                     |                                                                                                                                                           |                2 |             14 |         7.00 |
|  mantis_synth_i/processing_system7_0/inst/FCLK_CLK0                                           | mantis_synth_i/ps7_0_axi_periph/xbar/inst/gen_sasd.crossbar_sasd_0/reg_slice_r/aa_rready                                                                           |                                                                                                                                                           |                5 |             15 |         3.00 |
|  mantis_synth_i/processing_system7_0/inst/FCLK_CLK0                                           | mantis_synth_i/ps7_0_axi_periph/s00_couplers/auto_pc/inst/gen_axilite.gen_b2s_conv.axilite_b2s/WR.aw_channel_0/aw_cmd_fsm_0/FSM_sequential_state_reg[0]_1          |                                                                                                                                                           |                7 |             16 |         2.29 |
|  mantis_synth_i/processing_system7_0/inst/FCLK_CLK0                                           | mantis_synth_i/ps7_0_axi_periph/s00_couplers/auto_pc/inst/gen_axilite.gen_b2s_conv.axilite_b2s/WR.aw_channel_0/aw_cmd_fsm_0/m_axi_awready_0                        |                                                                                                                                                           |                3 |             16 |         5.33 |
|  mantis_synth_i/mantis_synth_0/inst/mantis_synth_v1_0_S_AXI_inst/synth_core/freq_sel/CLK_BUFG |                                                                                                                                                                    | mantis_synth_i/mantis_synth_0/inst/mantis_synth_v1_0_S_AXI_inst/synth_core/sin_gen/SR[0]                                                                  |               14 |             16 |         1.14 |
|  mantis_synth_i/mantis_synth_1/inst/mantis_synth_v1_0_S_AXI_inst/synth_core/freq_sel/CLK_BUFG |                                                                                                                                                                    | mantis_synth_i/mantis_synth_1/inst/mantis_synth_v1_0_S_AXI_inst/synth_core/sin_gen/SR[0]                                                                  |               12 |             16 |         1.33 |
|  mantis_synth_i/processing_system7_0/inst/FCLK_CLK0                                           | mantis_synth_i/ps7_0_axi_periph/xbar/inst/gen_sasd.crossbar_sasd_0/addr_arbiter_inst/p_0_in1_in                                                                    | mantis_synth_i/ps7_0_axi_periph/xbar/inst/gen_sasd.crossbar_sasd_0/addr_arbiter_inst/SR[0]                                                                |                9 |             22 |         2.44 |
|  clk_IBUF_BUFG                                                                                | mantis_synth_i/mantis_synth_1/inst/mantis_synth_v1_0_S_AXI_inst/synth_core/freq_sel/counter[0]_i_2_n_0                                                             | mantis_synth_i/mantis_synth_1/inst/mantis_synth_v1_0_S_AXI_inst/synth_core/freq_sel/counter[0]_i_1_n_0                                                    |                6 |             24 |         4.00 |
|  clk_IBUF_BUFG                                                                                | mantis_synth_i/mantis_synth_0/inst/mantis_synth_v1_0_S_AXI_inst/synth_core/freq_sel/counter[0]_i_2_n_0                                                             | mantis_synth_i/mantis_synth_0/inst/mantis_synth_v1_0_S_AXI_inst/synth_core/freq_sel/counter[0]_i_1_n_0                                                    |                6 |             24 |         4.00 |
|  mantis_synth_i/processing_system7_0/inst/FCLK_CLK0                                           | mantis_synth_i/mantis_synth_1/inst/mantis_synth_v1_0_S_AXI_inst/slv_reg_rden__0                                                                                    | mantis_synth_i/mantis_synth_1/inst/mantis_synth_v1_0_S_AXI_inst/axi_awready_i_1_n_0                                                                       |               10 |             32 |         3.20 |
|  mantis_synth_i/processing_system7_0/inst/FCLK_CLK0                                           | mantis_synth_i/mantis_synth_0/inst/mantis_synth_v1_0_S_AXI_inst/slv_reg_rden__0                                                                                    | mantis_synth_i/mantis_synth_0/inst/mantis_synth_v1_0_S_AXI_inst/axi_awready_i_1_n_0                                                                       |               10 |             32 |         3.20 |
|  mantis_synth_i/mantis_synth_0/inst/mantis_synth_v1_0_S_AXI_inst/synth_core/freq_sel/CLK_BUFG |                                                                                                                                                                    | mantis_synth_i/mantis_synth_0/inst/mantis_synth_v1_0_S_AXI_inst/slv_reg1_0[0]                                                                             |               11 |             34 |         3.09 |
|  mantis_synth_i/processing_system7_0/inst/FCLK_CLK0                                           | mantis_synth_i/ps7_0_axi_periph/s00_couplers/auto_pc/inst/gen_axilite.gen_b2s_conv.axilite_b2s/RD.r_channel_0/rd_data_fifo_0/wr_en0                                |                                                                                                                                                           |                9 |             34 |         3.78 |
|  mantis_synth_i/mantis_synth_1/inst/mantis_synth_v1_0_S_AXI_inst/synth_core/freq_sel/CLK_BUFG |                                                                                                                                                                    | mantis_synth_i/mantis_synth_1/inst/mantis_synth_v1_0_S_AXI_inst/slv_reg1_0[0]                                                                             |               10 |             34 |         3.40 |
|  mantis_synth_i/processing_system7_0/inst/FCLK_CLK0                                           | mantis_synth_i/ps7_0_axi_periph/xbar/inst/gen_sasd.crossbar_sasd_0/addr_arbiter_inst/E[0]                                                                          |                                                                                                                                                           |                8 |             35 |         4.38 |
|  mantis_synth_i/processing_system7_0/inst/FCLK_CLK0                                           | mantis_synth_i/ps7_0_axi_periph/s00_couplers/auto_pc/inst/gen_axilite.gen_b2s_conv.axilite_b2s/SI_REG/r.r_pipe/s_ready_i_reg_0                                     |                                                                                                                                                           |                8 |             47 |         5.88 |
|  mantis_synth_i/processing_system7_0/inst/FCLK_CLK0                                           | mantis_synth_i/ps7_0_axi_periph/s00_couplers/auto_pc/inst/gen_axilite.gen_b2s_conv.axilite_b2s/SI_REG/r.r_pipe/p_1_in                                              |                                                                                                                                                           |                7 |             47 |         6.71 |
|  mantis_synth_i/processing_system7_0/inst/FCLK_CLK0                                           | mantis_synth_i/ps7_0_axi_periph/s00_couplers/auto_pc/inst/gen_axilite.gen_b2s_conv.axilite_b2s/SI_REG/ar.ar_pipe/s_ready_i_reg_0                                   |                                                                                                                                                           |               12 |             47 |         3.92 |
|  mantis_synth_i/processing_system7_0/inst/FCLK_CLK0                                           | mantis_synth_i/ps7_0_axi_periph/s00_couplers/auto_pc/inst/gen_axilite.gen_b2s_conv.axilite_b2s/SI_REG/aw.aw_pipe/s_ready_i_reg_0                                   |                                                                                                                                                           |                8 |             47 |         5.88 |
|  mantis_synth_i/processing_system7_0/inst/FCLK_CLK0                                           | mantis_synth_i/ps7_0_axi_periph/s00_couplers/auto_pc/inst/gen_axilite.gen_b2s_conv.axilite_b2s/WR.aw_channel_0/aw_cmd_fsm_0/E[0]                                   |                                                                                                                                                           |                8 |             47 |         5.88 |
|  mantis_synth_i/processing_system7_0/inst/FCLK_CLK0                                           | mantis_synth_i/ps7_0_axi_periph/s00_couplers/auto_pc/inst/gen_axilite.gen_b2s_conv.axilite_b2s/RD.ar_channel_0/ar_cmd_fsm_0/m_valid_i_reg[0]                       |                                                                                                                                                           |               11 |             47 |         4.27 |
|  mantis_synth_i/processing_system7_0/inst/FCLK_CLK0                                           |                                                                                                                                                                    |                                                                                                                                                           |               42 |            144 |         3.43 |
+-----------------------------------------------------------------------------------------------+--------------------------------------------------------------------------------------------------------------------------------------------------------------------+-----------------------------------------------------------------------------------------------------------------------------------------------------------+------------------+----------------+--------------+


