
*** Running vivado
    with args -log mantis_synth_wrapper.vdi -applog -m64 -product Vivado -messageDb vivado.pb -mode batch -source mantis_synth_wrapper.tcl -notrace


WARNING: Default location for XILINX_HLS not found: 

****** Vivado v2021.1 (64-bit)
  **** SW Build 3247384 on Thu Jun 10 19:36:33 MDT 2021
  **** IP Build 3246043 on Fri Jun 11 00:30:35 MDT 2021
    ** Copyright 1986-2021 Xilinx, Inc. All Rights Reserved.

source mantis_synth_wrapper.tcl -notrace
INFO: [IP_Flow 19-234] Refreshing IP repositories
INFO: [IP_Flow 19-1700] Loaded user IP repository 'd:/Libraries/Documents/School/MANTY/BlackboardSynth_MANTIS/synth_modules/ip_repo/mantis_synth_1.0'.
INFO: [IP_Flow 19-2313] Loaded Vivado IP repository 'D:/Xilinx/Vivado/2021.1/data/ip'.
WARNING: [IP_Flow 19-4995] The host OS only allows 260 characters in a normal path. The IP cache path is more than 80 characters. If you experience issues with IP caching, please consider changing the IP cache to a location with a shorter path. Alternately consider using the OS subst command to map part of the path to a drive letter. 
Current IP cache path is D:/Libraries/Documents/School/MANTY/BlackboardSynth_MANTIS/synth_modules/programmable_synth_platform/programmable_synth_platform.cache/ip 
Command: link_design -top mantis_synth_wrapper -part xc7z007sclg400-1
Design is defaulting to srcset: sources_1
Design is defaulting to constrset: constrs_1
INFO: [Device 21-403] Loading part xc7z007sclg400-1
INFO: [Project 1-454] Reading design checkpoint 'd:/Libraries/Documents/School/MANTY/BlackboardSynth_MANTIS/synth_modules/programmable_synth_platform/programmable_synth_platform.gen/sources_1/bd/mantis_synth/ip/mantis_synth_mantis_synth_0_0/mantis_synth_mantis_synth_0_0.dcp' for cell 'mantis_synth_i/mantis_synth_0'
INFO: [Project 1-454] Reading design checkpoint 'd:/Libraries/Documents/School/MANTY/BlackboardSynth_MANTIS/synth_modules/programmable_synth_platform/programmable_synth_platform.gen/sources_1/bd/mantis_synth/ip/mantis_synth_mantis_synth_1_3/mantis_synth_mantis_synth_1_3.dcp' for cell 'mantis_synth_i/mantis_synth_1'
INFO: [Project 1-454] Reading design checkpoint 'd:/Libraries/Documents/School/MANTY/BlackboardSynth_MANTIS/synth_modules/programmable_synth_platform/programmable_synth_platform.gen/sources_1/bd/mantis_synth/ip/mantis_synth_processing_system7_0_0/mantis_synth_processing_system7_0_0.dcp' for cell 'mantis_synth_i/processing_system7_0'
INFO: [Project 1-454] Reading design checkpoint 'd:/Libraries/Documents/School/MANTY/BlackboardSynth_MANTIS/synth_modules/programmable_synth_platform/programmable_synth_platform.gen/sources_1/bd/mantis_synth/ip/mantis_synth_rst_ps7_0_50M_0/mantis_synth_rst_ps7_0_50M_0.dcp' for cell 'mantis_synth_i/rst_ps7_0_50M'
INFO: [Project 1-454] Reading design checkpoint 'd:/Libraries/Documents/School/MANTY/BlackboardSynth_MANTIS/synth_modules/programmable_synth_platform/programmable_synth_platform.gen/sources_1/bd/mantis_synth/ip/mantis_synth_xbar_0/mantis_synth_xbar_0.dcp' for cell 'mantis_synth_i/ps7_0_axi_periph/xbar'
INFO: [Project 1-454] Reading design checkpoint 'd:/Libraries/Documents/School/MANTY/BlackboardSynth_MANTIS/synth_modules/programmable_synth_platform/programmable_synth_platform.gen/sources_1/bd/mantis_synth/ip/mantis_synth_auto_pc_0/mantis_synth_auto_pc_0.dcp' for cell 'mantis_synth_i/ps7_0_axi_periph/s00_couplers/auto_pc'
Netlist sorting complete. Time (s): cpu = 00:00:00 ; elapsed = 00:00:00.096 . Memory (MB): peak = 1142.871 ; gain = 0.000
INFO: [Netlist 29-17] Analyzing 132 Unisim elements for replacement
INFO: [Netlist 29-28] Unisim Transformation completed in 0 CPU seconds
INFO: [Project 1-479] Netlist was created with Vivado 2021.1
INFO: [Project 1-570] Preparing netlist for logic optimization
Parsing XDC File [d:/Libraries/Documents/School/MANTY/BlackboardSynth_MANTIS/synth_modules/programmable_synth_platform/programmable_synth_platform.gen/sources_1/bd/mantis_synth/ip/mantis_synth_processing_system7_0_0/mantis_synth_processing_system7_0_0.xdc] for cell 'mantis_synth_i/processing_system7_0/inst'
Finished Parsing XDC File [d:/Libraries/Documents/School/MANTY/BlackboardSynth_MANTIS/synth_modules/programmable_synth_platform/programmable_synth_platform.gen/sources_1/bd/mantis_synth/ip/mantis_synth_processing_system7_0_0/mantis_synth_processing_system7_0_0.xdc] for cell 'mantis_synth_i/processing_system7_0/inst'
Parsing XDC File [d:/Libraries/Documents/School/MANTY/BlackboardSynth_MANTIS/synth_modules/programmable_synth_platform/programmable_synth_platform.gen/sources_1/bd/mantis_synth/ip/mantis_synth_rst_ps7_0_50M_0/mantis_synth_rst_ps7_0_50M_0_board.xdc] for cell 'mantis_synth_i/rst_ps7_0_50M/U0'
Finished Parsing XDC File [d:/Libraries/Documents/School/MANTY/BlackboardSynth_MANTIS/synth_modules/programmable_synth_platform/programmable_synth_platform.gen/sources_1/bd/mantis_synth/ip/mantis_synth_rst_ps7_0_50M_0/mantis_synth_rst_ps7_0_50M_0_board.xdc] for cell 'mantis_synth_i/rst_ps7_0_50M/U0'
Parsing XDC File [d:/Libraries/Documents/School/MANTY/BlackboardSynth_MANTIS/synth_modules/programmable_synth_platform/programmable_synth_platform.gen/sources_1/bd/mantis_synth/ip/mantis_synth_rst_ps7_0_50M_0/mantis_synth_rst_ps7_0_50M_0.xdc] for cell 'mantis_synth_i/rst_ps7_0_50M/U0'
Finished Parsing XDC File [d:/Libraries/Documents/School/MANTY/BlackboardSynth_MANTIS/synth_modules/programmable_synth_platform/programmable_synth_platform.gen/sources_1/bd/mantis_synth/ip/mantis_synth_rst_ps7_0_50M_0/mantis_synth_rst_ps7_0_50M_0.xdc] for cell 'mantis_synth_i/rst_ps7_0_50M/U0'
Parsing XDC File [D:/Libraries/Documents/School/MANTY/BlackboardSynth_MANTIS/synth_modules/MANTIS_synth_constraint.xdc]
WARNING: [Vivado 12-584] No ports matched 'en'. [D:/Libraries/Documents/School/MANTY/BlackboardSynth_MANTIS/synth_modules/MANTIS_synth_constraint.xdc:28]
CRITICAL WARNING: [Common 17-55] 'set_property' expects at least one object. [D:/Libraries/Documents/School/MANTY/BlackboardSynth_MANTIS/synth_modules/MANTIS_synth_constraint.xdc:28]
Resolution: If [get_<value>] was used to populate the object, check to make sure this command returns at least one valid object.
WARNING: [Vivado 12-584] No ports matched 'sw[1]'. [D:/Libraries/Documents/School/MANTY/BlackboardSynth_MANTIS/synth_modules/MANTIS_synth_constraint.xdc:29]
CRITICAL WARNING: [Common 17-55] 'set_property' expects at least one object. [D:/Libraries/Documents/School/MANTY/BlackboardSynth_MANTIS/synth_modules/MANTIS_synth_constraint.xdc:29]
Resolution: If [get_<value>] was used to populate the object, check to make sure this command returns at least one valid object.
WARNING: [Vivado 12-584] No ports matched 'sw[2]'. [D:/Libraries/Documents/School/MANTY/BlackboardSynth_MANTIS/synth_modules/MANTIS_synth_constraint.xdc:30]
CRITICAL WARNING: [Common 17-55] 'set_property' expects at least one object. [D:/Libraries/Documents/School/MANTY/BlackboardSynth_MANTIS/synth_modules/MANTIS_synth_constraint.xdc:30]
Resolution: If [get_<value>] was used to populate the object, check to make sure this command returns at least one valid object.
WARNING: [Vivado 12-584] No ports matched 'sw[3]'. [D:/Libraries/Documents/School/MANTY/BlackboardSynth_MANTIS/synth_modules/MANTIS_synth_constraint.xdc:31]
CRITICAL WARNING: [Common 17-55] 'set_property' expects at least one object. [D:/Libraries/Documents/School/MANTY/BlackboardSynth_MANTIS/synth_modules/MANTIS_synth_constraint.xdc:31]
Resolution: If [get_<value>] was used to populate the object, check to make sure this command returns at least one valid object.
WARNING: [Vivado 12-584] No ports matched 'sw[4]'. [D:/Libraries/Documents/School/MANTY/BlackboardSynth_MANTIS/synth_modules/MANTIS_synth_constraint.xdc:32]
CRITICAL WARNING: [Common 17-55] 'set_property' expects at least one object. [D:/Libraries/Documents/School/MANTY/BlackboardSynth_MANTIS/synth_modules/MANTIS_synth_constraint.xdc:32]
Resolution: If [get_<value>] was used to populate the object, check to make sure this command returns at least one valid object.
WARNING: [Vivado 12-584] No ports matched 'sw[5]'. [D:/Libraries/Documents/School/MANTY/BlackboardSynth_MANTIS/synth_modules/MANTIS_synth_constraint.xdc:33]
CRITICAL WARNING: [Common 17-55] 'set_property' expects at least one object. [D:/Libraries/Documents/School/MANTY/BlackboardSynth_MANTIS/synth_modules/MANTIS_synth_constraint.xdc:33]
Resolution: If [get_<value>] was used to populate the object, check to make sure this command returns at least one valid object.
WARNING: [Vivado 12-584] No ports matched 'sw[6]'. [D:/Libraries/Documents/School/MANTY/BlackboardSynth_MANTIS/synth_modules/MANTIS_synth_constraint.xdc:34]
CRITICAL WARNING: [Common 17-55] 'set_property' expects at least one object. [D:/Libraries/Documents/School/MANTY/BlackboardSynth_MANTIS/synth_modules/MANTIS_synth_constraint.xdc:34]
Resolution: If [get_<value>] was used to populate the object, check to make sure this command returns at least one valid object.
WARNING: [Vivado 12-584] No ports matched 'sw[7]'. [D:/Libraries/Documents/School/MANTY/BlackboardSynth_MANTIS/synth_modules/MANTIS_synth_constraint.xdc:35]
CRITICAL WARNING: [Common 17-55] 'set_property' expects at least one object. [D:/Libraries/Documents/School/MANTY/BlackboardSynth_MANTIS/synth_modules/MANTIS_synth_constraint.xdc:35]
Resolution: If [get_<value>] was used to populate the object, check to make sure this command returns at least one valid object.
WARNING: [Vivado 12-584] No ports matched 'sw[8]'. [D:/Libraries/Documents/School/MANTY/BlackboardSynth_MANTIS/synth_modules/MANTIS_synth_constraint.xdc:36]
CRITICAL WARNING: [Common 17-55] 'set_property' expects at least one object. [D:/Libraries/Documents/School/MANTY/BlackboardSynth_MANTIS/synth_modules/MANTIS_synth_constraint.xdc:36]
Resolution: If [get_<value>] was used to populate the object, check to make sure this command returns at least one valid object.
WARNING: [Vivado 12-584] No ports matched 'sw[9]'. [D:/Libraries/Documents/School/MANTY/BlackboardSynth_MANTIS/synth_modules/MANTIS_synth_constraint.xdc:37]
CRITICAL WARNING: [Common 17-55] 'set_property' expects at least one object. [D:/Libraries/Documents/School/MANTY/BlackboardSynth_MANTIS/synth_modules/MANTIS_synth_constraint.xdc:37]
Resolution: If [get_<value>] was used to populate the object, check to make sure this command returns at least one valid object.
WARNING: [Vivado 12-584] No ports matched 'sw[10]'. [D:/Libraries/Documents/School/MANTY/BlackboardSynth_MANTIS/synth_modules/MANTIS_synth_constraint.xdc:38]
CRITICAL WARNING: [Common 17-55] 'set_property' expects at least one object. [D:/Libraries/Documents/School/MANTY/BlackboardSynth_MANTIS/synth_modules/MANTIS_synth_constraint.xdc:38]
Resolution: If [get_<value>] was used to populate the object, check to make sure this command returns at least one valid object.
WARNING: [Vivado 12-584] No ports matched 'sw[11]'. [D:/Libraries/Documents/School/MANTY/BlackboardSynth_MANTIS/synth_modules/MANTIS_synth_constraint.xdc:39]
CRITICAL WARNING: [Common 17-55] 'set_property' expects at least one object. [D:/Libraries/Documents/School/MANTY/BlackboardSynth_MANTIS/synth_modules/MANTIS_synth_constraint.xdc:39]
Resolution: If [get_<value>] was used to populate the object, check to make sure this command returns at least one valid object.
WARNING: [Vivado 12-584] No ports matched 'rst'. [D:/Libraries/Documents/School/MANTY/BlackboardSynth_MANTIS/synth_modules/MANTIS_synth_constraint.xdc:42]
CRITICAL WARNING: [Common 17-55] 'set_property' expects at least one object. [D:/Libraries/Documents/School/MANTY/BlackboardSynth_MANTIS/synth_modules/MANTIS_synth_constraint.xdc:42]
Resolution: If [get_<value>] was used to populate the object, check to make sure this command returns at least one valid object.
WARNING: [Vivado 12-584] No ports matched 'sel'. [D:/Libraries/Documents/School/MANTY/BlackboardSynth_MANTIS/synth_modules/MANTIS_synth_constraint.xdc:43]
CRITICAL WARNING: [Common 17-55] 'set_property' expects at least one object. [D:/Libraries/Documents/School/MANTY/BlackboardSynth_MANTIS/synth_modules/MANTIS_synth_constraint.xdc:43]
Resolution: If [get_<value>] was used to populate the object, check to make sure this command returns at least one valid object.
WARNING: [Vivado 12-584] No ports matched 'btn[0]'. [D:/Libraries/Documents/School/MANTY/BlackboardSynth_MANTIS/synth_modules/MANTIS_synth_constraint.xdc:44]
CRITICAL WARNING: [Common 17-55] 'set_property' expects at least one object. [D:/Libraries/Documents/School/MANTY/BlackboardSynth_MANTIS/synth_modules/MANTIS_synth_constraint.xdc:44]
Resolution: If [get_<value>] was used to populate the object, check to make sure this command returns at least one valid object.
WARNING: [Vivado 12-584] No ports matched 'btn[1]'. [D:/Libraries/Documents/School/MANTY/BlackboardSynth_MANTIS/synth_modules/MANTIS_synth_constraint.xdc:45]
CRITICAL WARNING: [Common 17-55] 'set_property' expects at least one object. [D:/Libraries/Documents/School/MANTY/BlackboardSynth_MANTIS/synth_modules/MANTIS_synth_constraint.xdc:45]
Resolution: If [get_<value>] was used to populate the object, check to make sure this command returns at least one valid object.
Finished Parsing XDC File [D:/Libraries/Documents/School/MANTY/BlackboardSynth_MANTIS/synth_modules/MANTIS_synth_constraint.xdc]
INFO: [Opt 31-138] Pushed 0 inverter(s) to 0 load pin(s).
Netlist sorting complete. Time (s): cpu = 00:00:00 ; elapsed = 00:00:00.001 . Memory (MB): peak = 1142.871 ; gain = 0.000
INFO: [Project 1-111] Unisim Transformation Summary:
No Unisim elements were transformed.

16 Infos, 17 Warnings, 16 Critical Warnings and 0 Errors encountered.
link_design completed successfully
link_design: Time (s): cpu = 00:00:07 ; elapsed = 00:00:09 . Memory (MB): peak = 1142.871 ; gain = 0.000
Command: opt_design
Attempting to get a license for feature 'Implementation' and/or device 'xc7z007s'
INFO: [Common 17-349] Got license for feature 'Implementation' and/or device 'xc7z007s'
Running DRC as a precondition to command opt_design

Starting DRC Task
INFO: [DRC 23-27] Running DRC with 2 threads
INFO: [Project 1-461] DRC finished with 0 Errors
INFO: [Project 1-462] Please refer to the DRC report (report_drc) for more information.

Time (s): cpu = 00:00:01 ; elapsed = 00:00:00.810 . Memory (MB): peak = 1142.871 ; gain = 0.000

Starting Cache Timing Information Task
INFO: [Timing 38-35] Done setting XDC timing constraints.
Ending Cache Timing Information Task | Checksum: 1803a1fd4

Time (s): cpu = 00:00:06 ; elapsed = 00:00:06 . Memory (MB): peak = 1423.301 ; gain = 280.430

Starting Logic Optimization Task

Phase 1 Retarget
INFO: [Opt 31-138] Pushed 0 inverter(s) to 0 load pin(s).
INFO: [Opt 31-49] Retargeted 0 cell(s).
Phase 1 Retarget | Checksum: 1904cc82f

Time (s): cpu = 00:00:00 ; elapsed = 00:00:00.109 . Memory (MB): peak = 1642.086 ; gain = 0.000
INFO: [Opt 31-389] Phase Retarget created 6 cells and removed 31 cells

Phase 2 Constant propagation
INFO: [Opt 31-138] Pushed 0 inverter(s) to 0 load pin(s).
Phase 2 Constant propagation | Checksum: 1904cc82f

Time (s): cpu = 00:00:00 ; elapsed = 00:00:00.123 . Memory (MB): peak = 1642.086 ; gain = 0.000
INFO: [Opt 31-389] Phase Constant propagation created 0 cells and removed 0 cells

Phase 3 Sweep
Phase 3 Sweep | Checksum: 1a0a1f265

Time (s): cpu = 00:00:00 ; elapsed = 00:00:00.265 . Memory (MB): peak = 1642.086 ; gain = 0.000
INFO: [Opt 31-389] Phase Sweep created 0 cells and removed 203 cells

Phase 4 BUFG optimization
INFO: [Opt 31-194] Inserted BUFG clk_IBUF_BUFG_inst to drive 50 load(s) on clock net clk_IBUF_BUFG
INFO: [Opt 31-194] Inserted BUFG mantis_synth_i/mantis_synth_0/inst/mantis_synth_v1_0_S_AXI_inst/synth_core/freq_sel/CLK_BUFG_inst to drive 50 load(s) on clock net mantis_synth_i/mantis_synth_0/inst/mantis_synth_v1_0_S_AXI_inst/synth_core/freq_sel/CLK_BUFG
INFO: [Opt 31-194] Inserted BUFG mantis_synth_i/mantis_synth_1/inst/mantis_synth_v1_0_S_AXI_inst/synth_core/freq_sel/CLK_BUFG_inst to drive 50 load(s) on clock net mantis_synth_i/mantis_synth_1/inst/mantis_synth_v1_0_S_AXI_inst/synth_core/freq_sel/CLK_BUFG
INFO: [Opt 31-193] Inserted 3 BUFG(s) on clock nets
Phase 4 BUFG optimization | Checksum: 1e1b43167

Time (s): cpu = 00:00:00 ; elapsed = 00:00:00.300 . Memory (MB): peak = 1642.086 ; gain = 0.000
INFO: [Opt 31-662] Phase BUFG optimization created 3 cells of which 3 are BUFGs and removed 0 cells.

Phase 5 Shift Register Optimization
INFO: [Opt 31-1064] SRL Remap converted 0 SRLs to 0 registers and converted 0 registers of register chains to 0 SRLs
Phase 5 Shift Register Optimization | Checksum: 1e1b43167

Time (s): cpu = 00:00:00 ; elapsed = 00:00:00.306 . Memory (MB): peak = 1642.086 ; gain = 0.000
INFO: [Opt 31-389] Phase Shift Register Optimization created 0 cells and removed 0 cells

Phase 6 Post Processing Netlist
Phase 6 Post Processing Netlist | Checksum: 1e1b43167

Time (s): cpu = 00:00:00 ; elapsed = 00:00:00.318 . Memory (MB): peak = 1642.086 ; gain = 0.000
INFO: [Opt 31-389] Phase Post Processing Netlist created 0 cells and removed 0 cells
Opt_design Change Summary
=========================


-------------------------------------------------------------------------------------------------------------------------
|  Phase                        |  #Cells created  |  #Cells Removed  |  #Constrained objects preventing optimizations  |
-------------------------------------------------------------------------------------------------------------------------
|  Retarget                     |               6  |              31  |                                              0  |
|  Constant propagation         |               0  |               0  |                                              0  |
|  Sweep                        |               0  |             203  |                                              0  |
|  BUFG optimization            |               3  |               0  |                                              0  |
|  Shift Register Optimization  |               0  |               0  |                                              0  |
|  Post Processing Netlist      |               0  |               0  |                                              0  |
-------------------------------------------------------------------------------------------------------------------------



Starting Connectivity Check Task

Time (s): cpu = 00:00:00 ; elapsed = 00:00:00.003 . Memory (MB): peak = 1642.086 ; gain = 0.000
Ending Logic Optimization Task | Checksum: 10334285a

Time (s): cpu = 00:00:01 ; elapsed = 00:00:00.404 . Memory (MB): peak = 1642.086 ; gain = 0.000

Starting Power Optimization Task
INFO: [Pwropt 34-132] Skipping clock gating for clocks with a period < 2.00 ns.
Ending Power Optimization Task | Checksum: 10334285a

Time (s): cpu = 00:00:00 ; elapsed = 00:00:00.007 . Memory (MB): peak = 1642.086 ; gain = 0.000

Starting Final Cleanup Task
Ending Final Cleanup Task | Checksum: 10334285a

Time (s): cpu = 00:00:00 ; elapsed = 00:00:00 . Memory (MB): peak = 1642.086 ; gain = 0.000

Starting Netlist Obfuscation Task
Netlist sorting complete. Time (s): cpu = 00:00:00 ; elapsed = 00:00:00.001 . Memory (MB): peak = 1642.086 ; gain = 0.000
Ending Netlist Obfuscation Task | Checksum: 10334285a

Time (s): cpu = 00:00:00 ; elapsed = 00:00:00.001 . Memory (MB): peak = 1642.086 ; gain = 0.000
INFO: [Common 17-83] Releasing license: Implementation
37 Infos, 17 Warnings, 16 Critical Warnings and 0 Errors encountered.
opt_design completed successfully
opt_design: Time (s): cpu = 00:00:10 ; elapsed = 00:00:09 . Memory (MB): peak = 1642.086 ; gain = 499.215
INFO: [Timing 38-480] Writing timing data to binary archive.
Writing placer database...
Writing XDEF routing.
Writing XDEF routing logical nets.
Writing XDEF routing special nets.
Write XDEF Complete: Time (s): cpu = 00:00:00 ; elapsed = 00:00:00.057 . Memory (MB): peak = 1642.086 ; gain = 0.000
INFO: [Common 17-1381] The checkpoint 'D:/Libraries/Documents/School/MANTY/BlackboardSynth_MANTIS/synth_modules/programmable_synth_platform/programmable_synth_platform.runs/impl_1/mantis_synth_wrapper_opt.dcp' has been generated.
INFO: [runtcl-4] Executing : report_drc -file mantis_synth_wrapper_drc_opted.rpt -pb mantis_synth_wrapper_drc_opted.pb -rpx mantis_synth_wrapper_drc_opted.rpx
Command: report_drc -file mantis_synth_wrapper_drc_opted.rpt -pb mantis_synth_wrapper_drc_opted.pb -rpx mantis_synth_wrapper_drc_opted.rpx
INFO: [IP_Flow 19-1839] IP Catalog is up to date.
INFO: [Timing 38-35] Done setting XDC timing constraints.
INFO: [DRC 23-27] Running DRC with 2 threads
INFO: [Vivado_Tcl 2-168] The results of DRC are in file D:/Libraries/Documents/School/MANTY/BlackboardSynth_MANTIS/synth_modules/programmable_synth_platform/programmable_synth_platform.runs/impl_1/mantis_synth_wrapper_drc_opted.rpt.
report_drc completed successfully
Command: place_design
Attempting to get a license for feature 'Implementation' and/or device 'xc7z007s'
INFO: [Common 17-349] Got license for feature 'Implementation' and/or device 'xc7z007s'
INFO: [DRC 23-27] Running DRC with 2 threads
INFO: [Vivado_Tcl 4-198] DRC finished with 0 Errors
INFO: [Vivado_Tcl 4-199] Please refer to the DRC report (report_drc) for more information.
Running DRC as a precondition to command place_design
INFO: [DRC 23-27] Running DRC with 2 threads
INFO: [Vivado_Tcl 4-198] DRC finished with 0 Errors
INFO: [Vivado_Tcl 4-199] Please refer to the DRC report (report_drc) for more information.

Starting Placer Task
INFO: [Place 30-611] Multithreading enabled for place_design using a maximum of 2 CPUs

Phase 1 Placer Initialization

Phase 1.1 Placer Initialization Netlist Sorting
Netlist sorting complete. Time (s): cpu = 00:00:00 ; elapsed = 00:00:00.001 . Memory (MB): peak = 1687.398 ; gain = 0.000
Phase 1.1 Placer Initialization Netlist Sorting | Checksum: e7f09a18

Time (s): cpu = 00:00:00 ; elapsed = 00:00:00.007 . Memory (MB): peak = 1687.398 ; gain = 0.000
Netlist sorting complete. Time (s): cpu = 00:00:00 ; elapsed = 00:00:00.001 . Memory (MB): peak = 1687.398 ; gain = 0.000

Phase 1.2 IO Placement/ Clock Placement/ Build Placer Device
Phase 1.2 IO Placement/ Clock Placement/ Build Placer Device | Checksum: 1252194f6

Time (s): cpu = 00:00:01 ; elapsed = 00:00:00.419 . Memory (MB): peak = 1687.398 ; gain = 0.000

Phase 1.3 Build Placer Netlist Model
Phase 1.3 Build Placer Netlist Model | Checksum: f18944c9

Time (s): cpu = 00:00:01 ; elapsed = 00:00:00.724 . Memory (MB): peak = 1687.398 ; gain = 0.000

Phase 1.4 Constrain Clocks/Macros
Phase 1.4 Constrain Clocks/Macros | Checksum: f18944c9

Time (s): cpu = 00:00:01 ; elapsed = 00:00:00.728 . Memory (MB): peak = 1687.398 ; gain = 0.000
Phase 1 Placer Initialization | Checksum: f18944c9

Time (s): cpu = 00:00:01 ; elapsed = 00:00:00.734 . Memory (MB): peak = 1687.398 ; gain = 0.000

Phase 2 Global Placement

Phase 2.1 Floorplanning
Phase 2.1 Floorplanning | Checksum: f34df103

Time (s): cpu = 00:00:02 ; elapsed = 00:00:00.871 . Memory (MB): peak = 1687.398 ; gain = 0.000

Phase 2.2 Update Timing before SLR Path Opt
Phase 2.2 Update Timing before SLR Path Opt | Checksum: c94475e2

Time (s): cpu = 00:00:02 ; elapsed = 00:00:00.964 . Memory (MB): peak = 1687.398 ; gain = 0.000

Phase 2.3 Post-Processing in Floorplanning
Phase 2.3 Post-Processing in Floorplanning | Checksum: c94475e2

Time (s): cpu = 00:00:02 ; elapsed = 00:00:00.968 . Memory (MB): peak = 1687.398 ; gain = 0.000

Phase 2.4 Global Placement Core

Phase 2.4.1 Physical Synthesis In Placer
INFO: [Physopt 32-1035] Found 0 LUTNM shape to break, 85 LUT instances to create LUTNM shape
INFO: [Physopt 32-1044] Break lutnm for timing: one critical 0, two critical 0, total 0, new lutff created 0
INFO: [Physopt 32-1138] End 1 Pass. Optimized 31 nets or LUTs. Breaked 0 LUT, combined 31 existing LUTs and moved 0 existing LUT
INFO: [Physopt 32-65] No nets found for high-fanout optimization.
INFO: [Physopt 32-232] Optimized 0 net. Created 0 new instance.
INFO: [Physopt 32-775] End 1 Pass. Optimized 0 net or cell. Created 0 new cell, deleted 0 existing cell and moved 0 existing cell
INFO: [Physopt 32-670] No setup violation found.  DSP Register Optimization was not performed.
INFO: [Physopt 32-670] No setup violation found.  Shift Register to Pipeline Optimization was not performed.
INFO: [Physopt 32-670] No setup violation found.  Shift Register Optimization was not performed.
INFO: [Physopt 32-670] No setup violation found.  BRAM Register Optimization was not performed.
INFO: [Physopt 32-670] No setup violation found.  URAM Register Optimization was not performed.
INFO: [Physopt 32-949] No candidate nets found for dynamic/static region interface net replication
INFO: [Physopt 32-775] End 1 Pass. Optimized 0 net or cell. Created 0 new cell, deleted 0 existing cell and moved 0 existing cell
Netlist sorting complete. Time (s): cpu = 00:00:00 ; elapsed = 00:00:00.001 . Memory (MB): peak = 1687.398 ; gain = 0.000

Summary of Physical Synthesis Optimizations
============================================


-----------------------------------------------------------------------------------------------------------------------------------------------------------
|  Optimization                                     |  Added Cells  |  Removed Cells  |  Optimized Cells/Nets  |  Dont Touch  |  Iterations  |  Elapsed   |
-----------------------------------------------------------------------------------------------------------------------------------------------------------
|  LUT Combining                                    |            0  |             31  |                    31  |           0  |           1  |  00:00:00  |
|  Retime                                           |            0  |              0  |                     0  |           0  |           1  |  00:00:00  |
|  Very High Fanout                                 |            0  |              0  |                     0  |           0  |           1  |  00:00:00  |
|  DSP Register                                     |            0  |              0  |                     0  |           0  |           0  |  00:00:00  |
|  Shift Register to Pipeline                       |            0  |              0  |                     0  |           0  |           0  |  00:00:00  |
|  Shift Register                                   |            0  |              0  |                     0  |           0  |           0  |  00:00:00  |
|  BRAM Register                                    |            0  |              0  |                     0  |           0  |           0  |  00:00:00  |
|  URAM Register                                    |            0  |              0  |                     0  |           0  |           0  |  00:00:00  |
|  Dynamic/Static Region Interface Net Replication  |            0  |              0  |                     0  |           0  |           1  |  00:00:00  |
|  Total                                            |            0  |             31  |                    31  |           0  |           4  |  00:00:00  |
-----------------------------------------------------------------------------------------------------------------------------------------------------------


Phase 2.4.1 Physical Synthesis In Placer | Checksum: e171dc3b

Time (s): cpu = 00:00:05 ; elapsed = 00:00:03 . Memory (MB): peak = 1687.398 ; gain = 0.000
Phase 2.4 Global Placement Core | Checksum: 95ed2f9a

Time (s): cpu = 00:00:05 ; elapsed = 00:00:03 . Memory (MB): peak = 1687.398 ; gain = 0.000
Phase 2 Global Placement | Checksum: 95ed2f9a

Time (s): cpu = 00:00:05 ; elapsed = 00:00:03 . Memory (MB): peak = 1687.398 ; gain = 0.000

Phase 3 Detail Placement

Phase 3.1 Commit Multi Column Macros
Phase 3.1 Commit Multi Column Macros | Checksum: da2e03b3

Time (s): cpu = 00:00:05 ; elapsed = 00:00:03 . Memory (MB): peak = 1687.398 ; gain = 0.000

Phase 3.2 Commit Most Macros & LUTRAMs
Phase 3.2 Commit Most Macros & LUTRAMs | Checksum: c14c31c6

Time (s): cpu = 00:00:05 ; elapsed = 00:00:03 . Memory (MB): peak = 1687.398 ; gain = 0.000

Phase 3.3 Area Swap Optimization
Phase 3.3 Area Swap Optimization | Checksum: d7353e9c

Time (s): cpu = 00:00:05 ; elapsed = 00:00:03 . Memory (MB): peak = 1687.398 ; gain = 0.000

Phase 3.4 Pipeline Register Optimization
Phase 3.4 Pipeline Register Optimization | Checksum: 107c8f09c

Time (s): cpu = 00:00:05 ; elapsed = 00:00:03 . Memory (MB): peak = 1687.398 ; gain = 0.000

Phase 3.5 Small Shape Detail Placement
Phase 3.5 Small Shape Detail Placement | Checksum: afe1cdd4

Time (s): cpu = 00:00:06 ; elapsed = 00:00:03 . Memory (MB): peak = 1687.398 ; gain = 0.000

Phase 3.6 Re-assign LUT pins
Phase 3.6 Re-assign LUT pins | Checksum: a7e035a1

Time (s): cpu = 00:00:06 ; elapsed = 00:00:04 . Memory (MB): peak = 1687.398 ; gain = 0.000

Phase 3.7 Pipeline Register Optimization
Phase 3.7 Pipeline Register Optimization | Checksum: d67bffa1

Time (s): cpu = 00:00:06 ; elapsed = 00:00:04 . Memory (MB): peak = 1687.398 ; gain = 0.000
Phase 3 Detail Placement | Checksum: d67bffa1

Time (s): cpu = 00:00:06 ; elapsed = 00:00:04 . Memory (MB): peak = 1687.398 ; gain = 0.000

Phase 4 Post Placement Optimization and Clean-Up

Phase 4.1 Post Commit Optimization
INFO: [Timing 38-35] Done setting XDC timing constraints.

Phase 4.1.1 Post Placement Optimization
Post Placement Optimization Initialization | Checksum: 22b650171

Phase 4.1.1.1 BUFG Insertion

Starting Physical Synthesis Task

Phase 1 Physical Synthesis Initialization
INFO: [Physopt 32-721] Multithreading enabled for phys_opt_design using a maximum of 2 CPUs
INFO: [Physopt 32-619] Estimated Timing Summary | WNS=12.802 | TNS=0.000 |
Phase 1 Physical Synthesis Initialization | Checksum: 1db57e65e

Time (s): cpu = 00:00:01 ; elapsed = 00:00:00.050 . Memory (MB): peak = 1687.398 ; gain = 0.000
INFO: [Place 46-56] BUFG insertion identified 0 candidate nets. Inserted BUFG: 0, Replicated BUFG Driver: 0, Skipped due to Placement/Routing Conflicts: 0, Skipped due to Timing Degradation: 0, Skipped due to Illegal Netlist: 0.
Ending Physical Synthesis Task | Checksum: 16065e2dd

Time (s): cpu = 00:00:01 ; elapsed = 00:00:00.055 . Memory (MB): peak = 1687.398 ; gain = 0.000
Phase 4.1.1.1 BUFG Insertion | Checksum: 22b650171

Time (s): cpu = 00:00:07 ; elapsed = 00:00:04 . Memory (MB): peak = 1687.398 ; gain = 0.000

Phase 4.1.1.2 Post Placement Timing Optimization
INFO: [Place 30-746] Post Placement Timing Summary WNS=12.802. For the most accurate timing information please run report_timing.
Phase 4.1.1.2 Post Placement Timing Optimization | Checksum: 212a25dbd

Time (s): cpu = 00:00:07 ; elapsed = 00:00:04 . Memory (MB): peak = 1687.398 ; gain = 0.000

Time (s): cpu = 00:00:07 ; elapsed = 00:00:04 . Memory (MB): peak = 1687.398 ; gain = 0.000
Phase 4.1 Post Commit Optimization | Checksum: 212a25dbd

Time (s): cpu = 00:00:07 ; elapsed = 00:00:04 . Memory (MB): peak = 1687.398 ; gain = 0.000

Phase 4.2 Post Placement Cleanup
Phase 4.2 Post Placement Cleanup | Checksum: 212a25dbd

Time (s): cpu = 00:00:07 ; elapsed = 00:00:04 . Memory (MB): peak = 1687.398 ; gain = 0.000

Phase 4.3 Placer Reporting

Phase 4.3.1 Print Estimated Congestion
INFO: [Place 30-612] Post-Placement Estimated Congestion 
 ____________________________________________________
|           | Global Congestion | Short Congestion  |
| Direction | Region Size       | Region Size       |
|___________|___________________|___________________|
|      North|                1x1|                1x1|
|___________|___________________|___________________|
|      South|                1x1|                1x1|
|___________|___________________|___________________|
|       East|                1x1|                1x1|
|___________|___________________|___________________|
|       West|                1x1|                1x1|
|___________|___________________|___________________|

Phase 4.3.1 Print Estimated Congestion | Checksum: 212a25dbd

Time (s): cpu = 00:00:07 ; elapsed = 00:00:04 . Memory (MB): peak = 1687.398 ; gain = 0.000
Phase 4.3 Placer Reporting | Checksum: 212a25dbd

Time (s): cpu = 00:00:07 ; elapsed = 00:00:04 . Memory (MB): peak = 1687.398 ; gain = 0.000

Phase 4.4 Final Placement Cleanup
Netlist sorting complete. Time (s): cpu = 00:00:00 ; elapsed = 00:00:00.001 . Memory (MB): peak = 1687.398 ; gain = 0.000

Time (s): cpu = 00:00:07 ; elapsed = 00:00:04 . Memory (MB): peak = 1687.398 ; gain = 0.000
Phase 4 Post Placement Optimization and Clean-Up | Checksum: 18761d17c

Time (s): cpu = 00:00:07 ; elapsed = 00:00:04 . Memory (MB): peak = 1687.398 ; gain = 0.000
Ending Placer Task | Checksum: b9e1c85a

Time (s): cpu = 00:00:07 ; elapsed = 00:00:04 . Memory (MB): peak = 1687.398 ; gain = 0.000
INFO: [Common 17-83] Releasing license: Implementation
72 Infos, 17 Warnings, 16 Critical Warnings and 0 Errors encountered.
place_design completed successfully
INFO: [Timing 38-480] Writing timing data to binary archive.
Writing placer database...
Writing XDEF routing.
Writing XDEF routing logical nets.
Writing XDEF routing special nets.
Write XDEF Complete: Time (s): cpu = 00:00:00 ; elapsed = 00:00:00.180 . Memory (MB): peak = 1687.398 ; gain = 0.000
INFO: [Common 17-1381] The checkpoint 'D:/Libraries/Documents/School/MANTY/BlackboardSynth_MANTIS/synth_modules/programmable_synth_platform/programmable_synth_platform.runs/impl_1/mantis_synth_wrapper_placed.dcp' has been generated.
INFO: [runtcl-4] Executing : report_io -file mantis_synth_wrapper_io_placed.rpt
report_io: Time (s): cpu = 00:00:00 ; elapsed = 00:00:00.050 . Memory (MB): peak = 1687.398 ; gain = 0.000
INFO: [runtcl-4] Executing : report_utilization -file mantis_synth_wrapper_utilization_placed.rpt -pb mantis_synth_wrapper_utilization_placed.pb
INFO: [runtcl-4] Executing : report_control_sets -verbose -file mantis_synth_wrapper_control_sets_placed.rpt
report_control_sets: Time (s): cpu = 00:00:00 ; elapsed = 00:00:00.008 . Memory (MB): peak = 1687.398 ; gain = 0.000
Command: phys_opt_design
Attempting to get a license for feature 'Implementation' and/or device 'xc7z007s'
INFO: [Common 17-349] Got license for feature 'Implementation' and/or device 'xc7z007s'
INFO: [Vivado_Tcl 4-383] Design worst setup slack (WNS) is greater than or equal to 0.000 ns. Skipping all physical synthesis optimizations.
INFO: [Vivado_Tcl 4-232] No setup violation found. The netlist was not modified.
INFO: [Common 17-83] Releasing license: Implementation
81 Infos, 17 Warnings, 16 Critical Warnings and 0 Errors encountered.
phys_opt_design completed successfully
INFO: [Timing 38-480] Writing timing data to binary archive.
Writing placer database...
Writing XDEF routing.
Writing XDEF routing logical nets.
Writing XDEF routing special nets.
Write XDEF Complete: Time (s): cpu = 00:00:01 ; elapsed = 00:00:00.177 . Memory (MB): peak = 1687.398 ; gain = 0.000
INFO: [Common 17-1381] The checkpoint 'D:/Libraries/Documents/School/MANTY/BlackboardSynth_MANTIS/synth_modules/programmable_synth_platform/programmable_synth_platform.runs/impl_1/mantis_synth_wrapper_physopt.dcp' has been generated.
Command: route_design
Attempting to get a license for feature 'Implementation' and/or device 'xc7z007s'
INFO: [Common 17-349] Got license for feature 'Implementation' and/or device 'xc7z007s'
Running DRC as a precondition to command route_design
INFO: [DRC 23-27] Running DRC with 2 threads
INFO: [Vivado_Tcl 4-198] DRC finished with 0 Errors
INFO: [Vivado_Tcl 4-199] Please refer to the DRC report (report_drc) for more information.


Starting Routing Task
INFO: [Route 35-254] Multithreading enabled for route_design using a maximum of 2 CPUs
Checksum: PlaceDB: 6b50a955 ConstDB: 0 ShapeSum: 4e911f05 RouteDB: 0

Phase 1 Build RT Design
Phase 1 Build RT Design | Checksum: 69ef6815

Time (s): cpu = 00:00:10 ; elapsed = 00:00:09 . Memory (MB): peak = 1728.406 ; gain = 35.129
Post Restoration Checksum: NetGraph: 2e1e8dcc NumContArr: 3bd0da49 Constraints: 0 Timing: 0

Phase 2 Router Initialization

Phase 2.1 Create Timer
Phase 2.1 Create Timer | Checksum: 69ef6815

Time (s): cpu = 00:00:10 ; elapsed = 00:00:09 . Memory (MB): peak = 1728.406 ; gain = 35.129

Phase 2.2 Fix Topology Constraints
Phase 2.2 Fix Topology Constraints | Checksum: 69ef6815

Time (s): cpu = 00:00:10 ; elapsed = 00:00:09 . Memory (MB): peak = 1734.426 ; gain = 41.148

Phase 2.3 Pre Route Cleanup
Phase 2.3 Pre Route Cleanup | Checksum: 69ef6815

Time (s): cpu = 00:00:10 ; elapsed = 00:00:09 . Memory (MB): peak = 1734.426 ; gain = 41.148
 Number of Nodes with overlaps = 0

Phase 2.4 Update Timing
Phase 2.4 Update Timing | Checksum: 1beeb1680

Time (s): cpu = 00:00:11 ; elapsed = 00:00:10 . Memory (MB): peak = 1741.004 ; gain = 47.727
INFO: [Route 35-416] Intermediate Timing Summary | WNS=12.861 | TNS=0.000  | WHS=-0.189 | THS=-18.646|

Phase 2 Router Initialization | Checksum: 1e310ebf1

Time (s): cpu = 00:00:11 ; elapsed = 00:00:10 . Memory (MB): peak = 1741.789 ; gain = 48.512

Router Utilization Summary
  Global Vertical Routing Utilization    = 0.00211149 %
  Global Horizontal Routing Utilization  = 0.00413603 %
  Routable Net Status*
  *Does not include unroutable nets such as driverless and loadless.
  Run report_route_status for detailed report.
  Number of Failed Nets               = 1914
    (Failed Nets is the sum of unrouted and partially routed nets)
  Number of Unrouted Nets             = 1912
  Number of Partially Routed Nets     = 2
  Number of Node Overlaps             = 2


Phase 3 Initial Routing

Phase 3.1 Global Routing
Phase 3.1 Global Routing | Checksum: 1e310ebf1

Time (s): cpu = 00:00:12 ; elapsed = 00:00:10 . Memory (MB): peak = 1744.449 ; gain = 51.172
Phase 3 Initial Routing | Checksum: f52fd559

Time (s): cpu = 00:00:12 ; elapsed = 00:00:10 . Memory (MB): peak = 1744.449 ; gain = 51.172

Phase 4 Rip-up And Reroute

Phase 4.1 Global Iteration 0
 Number of Nodes with overlaps = 113
 Number of Nodes with overlaps = 0
INFO: [Route 35-416] Intermediate Timing Summary | WNS=12.690 | TNS=0.000  | WHS=N/A    | THS=N/A    |

Phase 4.1 Global Iteration 0 | Checksum: 1c77a1fba

Time (s): cpu = 00:00:12 ; elapsed = 00:00:10 . Memory (MB): peak = 1744.449 ; gain = 51.172

Phase 4.2 Global Iteration 1
 Number of Nodes with overlaps = 1
 Number of Nodes with overlaps = 0
INFO: [Route 35-416] Intermediate Timing Summary | WNS=12.690 | TNS=0.000  | WHS=N/A    | THS=N/A    |

Phase 4.2 Global Iteration 1 | Checksum: 1a318d345

Time (s): cpu = 00:00:12 ; elapsed = 00:00:10 . Memory (MB): peak = 1744.449 ; gain = 51.172
Phase 4 Rip-up And Reroute | Checksum: 1a318d345

Time (s): cpu = 00:00:12 ; elapsed = 00:00:10 . Memory (MB): peak = 1744.449 ; gain = 51.172

Phase 5 Delay and Skew Optimization

Phase 5.1 Delay CleanUp
Phase 5.1 Delay CleanUp | Checksum: 1a318d345

Time (s): cpu = 00:00:12 ; elapsed = 00:00:10 . Memory (MB): peak = 1744.449 ; gain = 51.172

Phase 5.2 Clock Skew Optimization
Phase 5.2 Clock Skew Optimization | Checksum: 1a318d345

Time (s): cpu = 00:00:12 ; elapsed = 00:00:10 . Memory (MB): peak = 1744.449 ; gain = 51.172
Phase 5 Delay and Skew Optimization | Checksum: 1a318d345

Time (s): cpu = 00:00:12 ; elapsed = 00:00:10 . Memory (MB): peak = 1744.449 ; gain = 51.172

Phase 6 Post Hold Fix

Phase 6.1 Hold Fix Iter

Phase 6.1.1 Update Timing
Phase 6.1.1 Update Timing | Checksum: 1941938f0

Time (s): cpu = 00:00:13 ; elapsed = 00:00:11 . Memory (MB): peak = 1744.449 ; gain = 51.172
INFO: [Route 35-416] Intermediate Timing Summary | WNS=12.805 | TNS=0.000  | WHS=0.016  | THS=0.000  |

Phase 6.1 Hold Fix Iter | Checksum: 1a98f3dfc

Time (s): cpu = 00:00:13 ; elapsed = 00:00:11 . Memory (MB): peak = 1744.449 ; gain = 51.172
Phase 6 Post Hold Fix | Checksum: 1a98f3dfc

Time (s): cpu = 00:00:13 ; elapsed = 00:00:11 . Memory (MB): peak = 1744.449 ; gain = 51.172

Phase 7 Route finalize

Router Utilization Summary
  Global Vertical Routing Utilization    = 0.699043 %
  Global Horizontal Routing Utilization  = 0.980239 %
  Routable Net Status*
  *Does not include unroutable nets such as driverless and loadless.
  Run report_route_status for detailed report.
  Number of Failed Nets               = 0
    (Failed Nets is the sum of unrouted and partially routed nets)
  Number of Unrouted Nets             = 0
  Number of Partially Routed Nets     = 0
  Number of Node Overlaps             = 0

Phase 7 Route finalize | Checksum: 1e67d6ffe

Time (s): cpu = 00:00:13 ; elapsed = 00:00:11 . Memory (MB): peak = 1744.449 ; gain = 51.172

Phase 8 Verifying routed nets

 Verification completed successfully
Phase 8 Verifying routed nets | Checksum: 1e67d6ffe

Time (s): cpu = 00:00:13 ; elapsed = 00:00:11 . Memory (MB): peak = 1745.461 ; gain = 52.184

Phase 9 Depositing Routes
Phase 9 Depositing Routes | Checksum: 24e9dda29

Time (s): cpu = 00:00:13 ; elapsed = 00:00:11 . Memory (MB): peak = 1745.461 ; gain = 52.184

Phase 10 Post Router Timing
INFO: [Route 35-57] Estimated Timing Summary | WNS=12.805 | TNS=0.000  | WHS=0.016  | THS=0.000  |

INFO: [Route 35-327] The final timing numbers are based on the router estimated timing analysis. For a complete and accurate timing signoff, please run report_timing_summary.
Phase 10 Post Router Timing | Checksum: 24e9dda29

Time (s): cpu = 00:00:13 ; elapsed = 00:00:11 . Memory (MB): peak = 1745.461 ; gain = 52.184
INFO: [Route 35-16] Router Completed Successfully

Time (s): cpu = 00:00:13 ; elapsed = 00:00:11 . Memory (MB): peak = 1745.461 ; gain = 52.184

Routing Is Done.
INFO: [Common 17-83] Releasing license: Implementation
96 Infos, 17 Warnings, 16 Critical Warnings and 0 Errors encountered.
route_design completed successfully
route_design: Time (s): cpu = 00:00:15 ; elapsed = 00:00:12 . Memory (MB): peak = 1745.461 ; gain = 58.062
INFO: [Timing 38-480] Writing timing data to binary archive.
Writing placer database...
Writing XDEF routing.
Writing XDEF routing logical nets.
Writing XDEF routing special nets.
Write XDEF Complete: Time (s): cpu = 00:00:01 ; elapsed = 00:00:00.221 . Memory (MB): peak = 1755.719 ; gain = 10.258
INFO: [Common 17-1381] The checkpoint 'D:/Libraries/Documents/School/MANTY/BlackboardSynth_MANTIS/synth_modules/programmable_synth_platform/programmable_synth_platform.runs/impl_1/mantis_synth_wrapper_routed.dcp' has been generated.
INFO: [runtcl-4] Executing : report_drc -file mantis_synth_wrapper_drc_routed.rpt -pb mantis_synth_wrapper_drc_routed.pb -rpx mantis_synth_wrapper_drc_routed.rpx
Command: report_drc -file mantis_synth_wrapper_drc_routed.rpt -pb mantis_synth_wrapper_drc_routed.pb -rpx mantis_synth_wrapper_drc_routed.rpx
INFO: [IP_Flow 19-1839] IP Catalog is up to date.
INFO: [DRC 23-27] Running DRC with 2 threads
INFO: [Vivado_Tcl 2-168] The results of DRC are in file D:/Libraries/Documents/School/MANTY/BlackboardSynth_MANTIS/synth_modules/programmable_synth_platform/programmable_synth_platform.runs/impl_1/mantis_synth_wrapper_drc_routed.rpt.
report_drc completed successfully
INFO: [runtcl-4] Executing : report_methodology -file mantis_synth_wrapper_methodology_drc_routed.rpt -pb mantis_synth_wrapper_methodology_drc_routed.pb -rpx mantis_synth_wrapper_methodology_drc_routed.rpx
Command: report_methodology -file mantis_synth_wrapper_methodology_drc_routed.rpt -pb mantis_synth_wrapper_methodology_drc_routed.pb -rpx mantis_synth_wrapper_methodology_drc_routed.rpx
INFO: [Timing 38-35] Done setting XDC timing constraints.
INFO: [DRC 23-133] Running Methodology with 2 threads
INFO: [Vivado_Tcl 2-1520] The results of Report Methodology are in file D:/Libraries/Documents/School/MANTY/BlackboardSynth_MANTIS/synth_modules/programmable_synth_platform/programmable_synth_platform.runs/impl_1/mantis_synth_wrapper_methodology_drc_routed.rpt.
report_methodology completed successfully
INFO: [runtcl-4] Executing : report_power -file mantis_synth_wrapper_power_routed.rpt -pb mantis_synth_wrapper_power_summary_routed.pb -rpx mantis_synth_wrapper_power_routed.rpx
Command: report_power -file mantis_synth_wrapper_power_routed.rpt -pb mantis_synth_wrapper_power_summary_routed.pb -rpx mantis_synth_wrapper_power_routed.rpx
INFO: [Timing 38-35] Done setting XDC timing constraints.
Running Vector-less Activity Propagation...

Finished Running Vector-less Activity Propagation
108 Infos, 17 Warnings, 16 Critical Warnings and 0 Errors encountered.
report_power completed successfully
INFO: [runtcl-4] Executing : report_route_status -file mantis_synth_wrapper_route_status.rpt -pb mantis_synth_wrapper_route_status.pb
INFO: [runtcl-4] Executing : report_timing_summary -max_paths 10 -file mantis_synth_wrapper_timing_summary_routed.rpt -pb mantis_synth_wrapper_timing_summary_routed.pb -rpx mantis_synth_wrapper_timing_summary_routed.rpx -warn_on_violation 
INFO: [Timing 38-91] UpdateTimingParams: Speed grade: -1, Delay Type: min_max.
INFO: [Timing 38-191] Multithreading enabled for timing update using a maximum of 2 CPUs
INFO: [runtcl-4] Executing : report_incremental_reuse -file mantis_synth_wrapper_incremental_reuse_routed.rpt
INFO: [Vivado_Tcl 4-1062] Incremental flow is disabled. No incremental reuse Info to report.
INFO: [runtcl-4] Executing : report_clock_utilization -file mantis_synth_wrapper_clock_utilization_routed.rpt
INFO: [runtcl-4] Executing : report_bus_skew -warn_on_violation -file mantis_synth_wrapper_bus_skew_routed.rpt -pb mantis_synth_wrapper_bus_skew_routed.pb -rpx mantis_synth_wrapper_bus_skew_routed.rpx
INFO: [Timing 38-91] UpdateTimingParams: Speed grade: -1, Delay Type: min_max.
INFO: [Timing 38-191] Multithreading enabled for timing update using a maximum of 2 CPUs
Command: write_bitstream -force mantis_synth_wrapper.bit
Attempting to get a license for feature 'Implementation' and/or device 'xc7z007s'
INFO: [Common 17-349] Got license for feature 'Implementation' and/or device 'xc7z007s'
Running DRC as a precondition to command write_bitstream
INFO: [IP_Flow 19-1839] IP Catalog is up to date.
INFO: [DRC 23-27] Running DRC with 2 threads
INFO: [Vivado 12-3199] DRC finished with 0 Errors
INFO: [Vivado 12-3200] Please refer to the DRC report (report_drc) for more information.
INFO: [Designutils 20-2272] Running write_bitstream with 2 threads.
Loading data files...
Loading site data...
Loading route data...
Processing options...
Creating bitmap...
Creating bitstream...
Writing bitstream ./mantis_synth_wrapper.bit...
INFO: [Vivado 12-1842] Bitgen Completed Successfully.
INFO: [#UNDEF] WebTalk data collection is mandatory when using a WebPACK part without a full Vivado license. To see the specific WebTalk data collected for your design, open the usage_statistics_webtalk.html or usage_statistics_webtalk.xml file in the implementation directory.
INFO: [Common 17-83] Releasing license: Implementation
12 Infos, 0 Warnings, 0 Critical Warnings and 0 Errors encountered.
write_bitstream completed successfully
write_bitstream: Time (s): cpu = 00:00:11 ; elapsed = 00:00:11 . Memory (MB): peak = 2219.574 ; gain = 427.281
INFO: [Common 17-206] Exiting Vivado at Wed Oct 25 17:54:15 2023...
