10:41:25 INFO  : Launching XSCT server: xsct.bat -n  -interactive D:\MANTY\BlackboardSynth_MANTIS\software_workspace\temp_xsdb_launch_script.tcl
10:41:26 INFO  : Registering command handlers for Vitis TCF services
10:41:27 INFO  : Platform repository initialization has completed.
10:41:35 INFO  : XSCT server has started successfully.
10:42:17 INFO  : plnx-install-location is set to ''
10:42:17 INFO  : Successfully done setting XSCT server connection channel  
10:42:28 INFO  : Successfully done setting workspace for the tool. 
10:42:28 INFO  : Successfully done query RDI_DATADIR 
10:43:23 INFO  : Result from executing command 'getProjects': mantis_software
10:43:23 INFO  : Result from executing command 'getPlatforms': 
10:44:43 INFO  : Result from executing command 'getProjects': mantis_software
10:44:43 INFO  : Result from executing command 'getPlatforms': mantis_software|D:/MANTY/BlackboardSynth_MANTIS/software_workspace/mantis_software/export/mantis_software/mantis_software.xpfm
10:55:36 INFO  : Checking for BSP changes to sync application flags for project 'mantis_software_proj'...
10:56:03 INFO  : Checking for BSP changes to sync application flags for project 'mantis_software_proj'...
10:56:44 INFO  : Checking for BSP changes to sync application flags for project 'mantis_software_proj'...
11:13:08 INFO  : Checking for BSP changes to sync application flags for project 'mantis_software_proj'...
11:13:53 INFO  : Checking for BSP changes to sync application flags for project 'mantis_software_proj'...
11:20:52 INFO  : Checking for BSP changes to sync application flags for project 'mantis_software_proj'...
11:21:57 INFO  : Checking for BSP changes to sync application flags for project 'mantis_software_proj'...
11:41:09 INFO  : Checking for BSP changes to sync application flags for project 'mantis_software_proj'...
11:41:21 INFO  : Checking for BSP changes to sync application flags for project 'mantis_software_proj'...
11:44:00 INFO  : Checking for BSP changes to sync application flags for project 'mantis_software_proj'...
18:12:31 INFO  : Launching XSCT server: xsct.bat -n  -interactive D:\MANTY\BlackboardSynth_MANTIS\software_workspace\temp_xsdb_launch_script.tcl
18:12:43 INFO  : XSCT server has started successfully.
18:12:43 INFO  : plnx-install-location is set to ''
18:12:43 INFO  : Successfully done setting XSCT server connection channel  
18:12:43 INFO  : Successfully done setting workspace for the tool. 
18:12:46 INFO  : Registering command handlers for Vitis TCF services
18:12:49 INFO  : Platform repository initialization has completed.
18:13:14 INFO  : Successfully done query RDI_DATADIR 
18:13:22 INFO  : Checking for BSP changes to sync application flags for project 'mantis_software_proj'...
18:14:22 INFO  : Connected to target on host '127.0.0.1' and port '3121'.
18:14:25 INFO  : Jtag cable 'RealDigital Bla 887200000190A' is selected.
18:14:25 INFO  : 'jtag frequency' command is executed.
18:14:25 INFO  : Context for 'APU' is selected.
18:14:25 INFO  : System reset is completed.
18:14:28 INFO  : 'after 3000' command is executed.
18:14:28 INFO  : 'targets -set -filter {jtag_cable_name =~ "RealDigital Bla 887200000190A" && level==0 && jtag_device_ctx=="jsn1-13723093-0"}' command is executed.
18:14:30 INFO  : Device configured successfully with "D:/MANTY/BlackboardSynth_MANTIS/software_workspace/mantis_software_proj/_ide/bitstream/mantis_synth.bit"
18:14:30 INFO  : Context for 'APU' is selected.
18:14:30 INFO  : Hardware design and registers information is loaded from 'D:/MANTY/BlackboardSynth_MANTIS/software_workspace/mantis_software/export/mantis_software/hw/mantis_synth.xsa'.
18:14:30 INFO  : 'configparams force-mem-access 1' command is executed.
18:14:30 INFO  : Context for 'APU' is selected.
18:14:31 INFO  : Sourcing of 'D:/MANTY/BlackboardSynth_MANTIS/software_workspace/mantis_software_proj/_ide/psinit/ps7_init.tcl' is done.
18:14:31 INFO  : 'ps7_init' command is executed.
18:14:31 INFO  : 'ps7_post_config' command is executed.
18:14:31 INFO  : Context for processor 'ps7_cortexa9_0' is selected.
18:14:32 INFO  : The application 'D:/MANTY/BlackboardSynth_MANTIS/software_workspace/mantis_software_proj/Debug/mantis_software_proj.elf' is downloaded to processor 'ps7_cortexa9_0'.
18:14:32 INFO  : 'configparams force-mem-access 0' command is executed.
18:14:32 INFO  : ----------------XSDB Script----------------
connect -url tcp:127.0.0.1:3121
targets -set -nocase -filter {name =~"APU*"}
rst -system
after 3000
targets -set -filter {jtag_cable_name =~ "RealDigital Bla 887200000190A" && level==0 && jtag_device_ctx=="jsn1-13723093-0"}
fpga -file D:/MANTY/BlackboardSynth_MANTIS/software_workspace/mantis_software_proj/_ide/bitstream/mantis_synth.bit
targets -set -nocase -filter {name =~"APU*"}
loadhw -hw D:/MANTY/BlackboardSynth_MANTIS/software_workspace/mantis_software/export/mantis_software/hw/mantis_synth.xsa -mem-ranges [list {0x40000000 0xbfffffff}] -regs
configparams force-mem-access 1
targets -set -nocase -filter {name =~"APU*"}
source D:/MANTY/BlackboardSynth_MANTIS/software_workspace/mantis_software_proj/_ide/psinit/ps7_init.tcl
ps7_init
ps7_post_config
targets -set -nocase -filter {name =~ "*A9*#0"}
dow D:/MANTY/BlackboardSynth_MANTIS/software_workspace/mantis_software_proj/Debug/mantis_software_proj.elf
configparams force-mem-access 0
----------------End of Script----------------

18:14:32 INFO  : Context for processor 'ps7_cortexa9_0' is selected.
18:14:32 INFO  : 'con' command is executed.
18:14:32 INFO  : ----------------XSDB Script (After Launch)----------------
targets -set -nocase -filter {name =~ "*A9*#0"}
con
----------------End of Script----------------

18:14:32 INFO  : Launch script is exported to file 'D:\MANTY\BlackboardSynth_MANTIS\software_workspace\mantis_software_proj_system\_ide\scripts\debugger_mantis_software_proj-default.tcl'
18:15:49 INFO  : Checking for BSP changes to sync application flags for project 'mantis_software_proj'...
18:16:07 INFO  : Checking for BSP changes to sync application flags for project 'mantis_software_proj'...
18:16:16 INFO  : Disconnected from the channel tcfchan#1.
18:16:17 INFO  : Connected to target on host '127.0.0.1' and port '3121'.
18:16:18 INFO  : Jtag cable 'RealDigital Bla 887200000190A' is selected.
18:16:18 INFO  : 'jtag frequency' command is executed.
18:16:18 INFO  : Context for 'APU' is selected.
18:16:18 INFO  : System reset is completed.
18:16:21 INFO  : 'after 3000' command is executed.
18:16:21 INFO  : 'targets -set -filter {jtag_cable_name =~ "RealDigital Bla 887200000190A" && level==0 && jtag_device_ctx=="jsn1-13723093-0"}' command is executed.
18:16:22 INFO  : Device configured successfully with "D:/MANTY/BlackboardSynth_MANTIS/software_workspace/mantis_software_proj/_ide/bitstream/mantis_synth.bit"
18:16:22 INFO  : Context for 'APU' is selected.
18:16:27 INFO  : Hardware design and registers information is loaded from 'D:/MANTY/BlackboardSynth_MANTIS/software_workspace/mantis_software/export/mantis_software/hw/mantis_synth.xsa'.
18:16:27 INFO  : 'configparams force-mem-access 1' command is executed.
18:16:27 INFO  : Context for 'APU' is selected.
18:16:27 INFO  : Sourcing of 'D:/MANTY/BlackboardSynth_MANTIS/software_workspace/mantis_software_proj/_ide/psinit/ps7_init.tcl' is done.
18:16:28 INFO  : 'ps7_init' command is executed.
18:16:28 INFO  : 'ps7_post_config' command is executed.
18:16:28 INFO  : Context for processor 'ps7_cortexa9_0' is selected.
18:16:28 INFO  : The application 'D:/MANTY/BlackboardSynth_MANTIS/software_workspace/mantis_software_proj/Debug/mantis_software_proj.elf' is downloaded to processor 'ps7_cortexa9_0'.
18:16:28 INFO  : 'configparams force-mem-access 0' command is executed.
18:16:28 INFO  : ----------------XSDB Script----------------
connect -url tcp:127.0.0.1:3121
targets -set -nocase -filter {name =~"APU*"}
rst -system
after 3000
targets -set -filter {jtag_cable_name =~ "RealDigital Bla 887200000190A" && level==0 && jtag_device_ctx=="jsn1-13723093-0"}
fpga -file D:/MANTY/BlackboardSynth_MANTIS/software_workspace/mantis_software_proj/_ide/bitstream/mantis_synth.bit
targets -set -nocase -filter {name =~"APU*"}
loadhw -hw D:/MANTY/BlackboardSynth_MANTIS/software_workspace/mantis_software/export/mantis_software/hw/mantis_synth.xsa -mem-ranges [list {0x40000000 0xbfffffff}] -regs
configparams force-mem-access 1
targets -set -nocase -filter {name =~"APU*"}
source D:/MANTY/BlackboardSynth_MANTIS/software_workspace/mantis_software_proj/_ide/psinit/ps7_init.tcl
ps7_init
ps7_post_config
targets -set -nocase -filter {name =~ "*A9*#0"}
dow D:/MANTY/BlackboardSynth_MANTIS/software_workspace/mantis_software_proj/Debug/mantis_software_proj.elf
configparams force-mem-access 0
----------------End of Script----------------

18:16:28 INFO  : Context for processor 'ps7_cortexa9_0' is selected.
18:16:28 INFO  : 'con' command is executed.
18:16:28 INFO  : ----------------XSDB Script (After Launch)----------------
targets -set -nocase -filter {name =~ "*A9*#0"}
con
----------------End of Script----------------

18:16:28 INFO  : Launch script is exported to file 'D:\MANTY\BlackboardSynth_MANTIS\software_workspace\mantis_software_proj_system\_ide\scripts\debugger_mantis_software_proj-default.tcl'
18:16:43 INFO  : Checking for BSP changes to sync application flags for project 'mantis_software_proj'...
18:16:51 INFO  : Disconnected from the channel tcfchan#2.
18:16:52 INFO  : Connected to target on host '127.0.0.1' and port '3121'.
18:16:53 INFO  : Jtag cable 'RealDigital Bla 887200000190A' is selected.
18:16:53 INFO  : 'jtag frequency' command is executed.
18:16:53 INFO  : Context for 'APU' is selected.
18:16:53 INFO  : System reset is completed.
18:16:56 INFO  : 'after 3000' command is executed.
18:16:56 INFO  : 'targets -set -filter {jtag_cable_name =~ "RealDigital Bla 887200000190A" && level==0 && jtag_device_ctx=="jsn1-13723093-0"}' command is executed.
18:16:58 INFO  : Device configured successfully with "D:/MANTY/BlackboardSynth_MANTIS/software_workspace/mantis_software_proj/_ide/bitstream/mantis_synth.bit"
18:16:58 INFO  : Context for 'APU' is selected.
18:17:03 INFO  : Hardware design and registers information is loaded from 'D:/MANTY/BlackboardSynth_MANTIS/software_workspace/mantis_software/export/mantis_software/hw/mantis_synth.xsa'.
18:17:03 INFO  : 'configparams force-mem-access 1' command is executed.
18:17:03 INFO  : Context for 'APU' is selected.
18:17:03 INFO  : Sourcing of 'D:/MANTY/BlackboardSynth_MANTIS/software_workspace/mantis_software_proj/_ide/psinit/ps7_init.tcl' is done.
18:17:04 INFO  : 'ps7_init' command is executed.
18:17:04 INFO  : 'ps7_post_config' command is executed.
18:17:04 INFO  : Context for processor 'ps7_cortexa9_0' is selected.
18:17:04 INFO  : The application 'D:/MANTY/BlackboardSynth_MANTIS/software_workspace/mantis_software_proj/Debug/mantis_software_proj.elf' is downloaded to processor 'ps7_cortexa9_0'.
18:17:04 INFO  : 'configparams force-mem-access 0' command is executed.
18:17:04 INFO  : ----------------XSDB Script----------------
connect -url tcp:127.0.0.1:3121
targets -set -nocase -filter {name =~"APU*"}
rst -system
after 3000
targets -set -filter {jtag_cable_name =~ "RealDigital Bla 887200000190A" && level==0 && jtag_device_ctx=="jsn1-13723093-0"}
fpga -file D:/MANTY/BlackboardSynth_MANTIS/software_workspace/mantis_software_proj/_ide/bitstream/mantis_synth.bit
targets -set -nocase -filter {name =~"APU*"}
loadhw -hw D:/MANTY/BlackboardSynth_MANTIS/software_workspace/mantis_software/export/mantis_software/hw/mantis_synth.xsa -mem-ranges [list {0x40000000 0xbfffffff}] -regs
configparams force-mem-access 1
targets -set -nocase -filter {name =~"APU*"}
source D:/MANTY/BlackboardSynth_MANTIS/software_workspace/mantis_software_proj/_ide/psinit/ps7_init.tcl
ps7_init
ps7_post_config
targets -set -nocase -filter {name =~ "*A9*#0"}
dow D:/MANTY/BlackboardSynth_MANTIS/software_workspace/mantis_software_proj/Debug/mantis_software_proj.elf
configparams force-mem-access 0
----------------End of Script----------------

18:17:04 INFO  : Context for processor 'ps7_cortexa9_0' is selected.
18:17:04 INFO  : 'con' command is executed.
18:17:04 INFO  : ----------------XSDB Script (After Launch)----------------
targets -set -nocase -filter {name =~ "*A9*#0"}
con
----------------End of Script----------------

18:17:04 INFO  : Launch script is exported to file 'D:\MANTY\BlackboardSynth_MANTIS\software_workspace\mantis_software_proj_system\_ide\scripts\debugger_mantis_software_proj-default.tcl'
18:17:17 INFO  : Checking for BSP changes to sync application flags for project 'mantis_software_proj'...
18:17:23 INFO  : Disconnected from the channel tcfchan#3.
18:17:24 INFO  : Connected to target on host '127.0.0.1' and port '3121'.
18:17:34 INFO  : ----------------XSDB Script----------------
connect -url tcp:127.0.0.1:3121
----------------End of Script----------------

18:17:34 ERROR : Could not find ARM device on the board for connection 'Local'.
Check if the target is in:
1. Split JTAG - No operations are possible with ARM DAP.
2. Non JTAG bootmode - Bootrom may need time to enable DAP.
Please try again.


Troubleshooting hints:
1. Check whether board is connected to system properly.
2. In case of zynq board, check whether Digilent/Xilinx cable switch settings are correct.
3. If you are using Xilinx Platform Cable USB, ensure that status LED is green.
18:17:39 INFO  : Connected to target on host '127.0.0.1' and port '3121'.
18:17:39 INFO  : Jtag cable 'RealDigital Bla 887200000190A' is selected.
18:17:39 INFO  : 'jtag frequency' command is executed.
18:17:39 INFO  : Context for 'APU' is selected.
18:17:39 INFO  : System reset is completed.
18:17:42 INFO  : 'after 3000' command is executed.
18:17:42 INFO  : 'targets -set -filter {jtag_cable_name =~ "RealDigital Bla 887200000190A" && level==0 && jtag_device_ctx=="jsn1-13723093-0"}' command is executed.
18:17:44 INFO  : Device configured successfully with "D:/MANTY/BlackboardSynth_MANTIS/software_workspace/mantis_software_proj/_ide/bitstream/mantis_synth.bit"
18:17:44 INFO  : Context for 'APU' is selected.
18:17:49 INFO  : Hardware design and registers information is loaded from 'D:/MANTY/BlackboardSynth_MANTIS/software_workspace/mantis_software/export/mantis_software/hw/mantis_synth.xsa'.
18:17:49 INFO  : 'configparams force-mem-access 1' command is executed.
18:17:49 INFO  : Context for 'APU' is selected.
18:17:49 INFO  : Sourcing of 'D:/MANTY/BlackboardSynth_MANTIS/software_workspace/mantis_software_proj/_ide/psinit/ps7_init.tcl' is done.
18:17:50 INFO  : 'ps7_init' command is executed.
18:17:50 INFO  : 'ps7_post_config' command is executed.
18:17:50 INFO  : Context for processor 'ps7_cortexa9_0' is selected.
18:17:50 INFO  : The application 'D:/MANTY/BlackboardSynth_MANTIS/software_workspace/mantis_software_proj/Debug/mantis_software_proj.elf' is downloaded to processor 'ps7_cortexa9_0'.
18:17:50 INFO  : 'configparams force-mem-access 0' command is executed.
18:17:50 INFO  : ----------------XSDB Script----------------
connect -url tcp:127.0.0.1:3121
targets -set -nocase -filter {name =~"APU*"}
rst -system
after 3000
targets -set -filter {jtag_cable_name =~ "RealDigital Bla 887200000190A" && level==0 && jtag_device_ctx=="jsn1-13723093-0"}
fpga -file D:/MANTY/BlackboardSynth_MANTIS/software_workspace/mantis_software_proj/_ide/bitstream/mantis_synth.bit
targets -set -nocase -filter {name =~"APU*"}
loadhw -hw D:/MANTY/BlackboardSynth_MANTIS/software_workspace/mantis_software/export/mantis_software/hw/mantis_synth.xsa -mem-ranges [list {0x40000000 0xbfffffff}] -regs
configparams force-mem-access 1
targets -set -nocase -filter {name =~"APU*"}
source D:/MANTY/BlackboardSynth_MANTIS/software_workspace/mantis_software_proj/_ide/psinit/ps7_init.tcl
ps7_init
ps7_post_config
targets -set -nocase -filter {name =~ "*A9*#0"}
dow D:/MANTY/BlackboardSynth_MANTIS/software_workspace/mantis_software_proj/Debug/mantis_software_proj.elf
configparams force-mem-access 0
----------------End of Script----------------

18:17:50 INFO  : Context for processor 'ps7_cortexa9_0' is selected.
18:17:50 INFO  : 'con' command is executed.
18:17:50 INFO  : ----------------XSDB Script (After Launch)----------------
targets -set -nocase -filter {name =~ "*A9*#0"}
con
----------------End of Script----------------

18:17:50 INFO  : Launch script is exported to file 'D:\MANTY\BlackboardSynth_MANTIS\software_workspace\mantis_software_proj_system\_ide\scripts\debugger_mantis_software_proj-default.tcl'
18:18:01 INFO  : Checking for BSP changes to sync application flags for project 'mantis_software_proj'...
18:18:08 INFO  : Disconnected from the channel tcfchan#4.
18:18:09 INFO  : Connected to target on host '127.0.0.1' and port '3121'.
18:18:18 INFO  : ----------------XSDB Script----------------
connect -url tcp:127.0.0.1:3121
----------------End of Script----------------

18:18:18 ERROR : Could not find ARM device on the board for connection 'Local'.
Check if the target is in:
1. Split JTAG - No operations are possible with ARM DAP.
2. Non JTAG bootmode - Bootrom may need time to enable DAP.
Please try again.


Troubleshooting hints:
1. Check whether board is connected to system properly.
2. In case of zynq board, check whether Digilent/Xilinx cable switch settings are correct.
3. If you are using Xilinx Platform Cable USB, ensure that status LED is green.
18:18:23 INFO  : Connected to target on host '127.0.0.1' and port '3121'.
18:18:23 INFO  : Jtag cable 'RealDigital Bla 887200000190A' is selected.
18:18:23 INFO  : 'jtag frequency' command is executed.
18:18:23 INFO  : Context for 'APU' is selected.
18:18:23 INFO  : System reset is completed.
18:18:26 INFO  : 'after 3000' command is executed.
18:18:26 INFO  : 'targets -set -filter {jtag_cable_name =~ "RealDigital Bla 887200000190A" && level==0 && jtag_device_ctx=="jsn1-13723093-0"}' command is executed.
18:18:28 INFO  : Device configured successfully with "D:/MANTY/BlackboardSynth_MANTIS/software_workspace/mantis_software_proj/_ide/bitstream/mantis_synth.bit"
18:18:28 INFO  : Context for 'APU' is selected.
18:18:32 INFO  : Hardware design and registers information is loaded from 'D:/MANTY/BlackboardSynth_MANTIS/software_workspace/mantis_software/export/mantis_software/hw/mantis_synth.xsa'.
18:18:32 INFO  : 'configparams force-mem-access 1' command is executed.
18:18:32 INFO  : Context for 'APU' is selected.
18:18:32 INFO  : Sourcing of 'D:/MANTY/BlackboardSynth_MANTIS/software_workspace/mantis_software_proj/_ide/psinit/ps7_init.tcl' is done.
18:18:32 INFO  : 'ps7_init' command is executed.
18:18:33 INFO  : 'ps7_post_config' command is executed.
18:18:33 INFO  : Context for processor 'ps7_cortexa9_0' is selected.
18:18:33 INFO  : The application 'D:/MANTY/BlackboardSynth_MANTIS/software_workspace/mantis_software_proj/Debug/mantis_software_proj.elf' is downloaded to processor 'ps7_cortexa9_0'.
18:18:33 INFO  : 'configparams force-mem-access 0' command is executed.
18:18:33 INFO  : ----------------XSDB Script----------------
connect -url tcp:127.0.0.1:3121
targets -set -nocase -filter {name =~"APU*"}
rst -system
after 3000
targets -set -filter {jtag_cable_name =~ "RealDigital Bla 887200000190A" && level==0 && jtag_device_ctx=="jsn1-13723093-0"}
fpga -file D:/MANTY/BlackboardSynth_MANTIS/software_workspace/mantis_software_proj/_ide/bitstream/mantis_synth.bit
targets -set -nocase -filter {name =~"APU*"}
loadhw -hw D:/MANTY/BlackboardSynth_MANTIS/software_workspace/mantis_software/export/mantis_software/hw/mantis_synth.xsa -mem-ranges [list {0x40000000 0xbfffffff}] -regs
configparams force-mem-access 1
targets -set -nocase -filter {name =~"APU*"}
source D:/MANTY/BlackboardSynth_MANTIS/software_workspace/mantis_software_proj/_ide/psinit/ps7_init.tcl
ps7_init
ps7_post_config
targets -set -nocase -filter {name =~ "*A9*#0"}
dow D:/MANTY/BlackboardSynth_MANTIS/software_workspace/mantis_software_proj/Debug/mantis_software_proj.elf
configparams force-mem-access 0
----------------End of Script----------------

18:18:33 INFO  : Context for processor 'ps7_cortexa9_0' is selected.
18:18:33 INFO  : 'con' command is executed.
18:18:33 INFO  : ----------------XSDB Script (After Launch)----------------
targets -set -nocase -filter {name =~ "*A9*#0"}
con
----------------End of Script----------------

18:18:33 INFO  : Launch script is exported to file 'D:\MANTY\BlackboardSynth_MANTIS\software_workspace\mantis_software_proj_system\_ide\scripts\debugger_mantis_software_proj-default.tcl'
18:18:45 INFO  : Checking for BSP changes to sync application flags for project 'mantis_software_proj'...
18:18:52 INFO  : Disconnected from the channel tcfchan#5.
18:18:53 INFO  : Connected to target on host '127.0.0.1' and port '3121'.
18:19:02 INFO  : ----------------XSDB Script----------------
connect -url tcp:127.0.0.1:3121
----------------End of Script----------------

18:19:02 ERROR : Could not find ARM device on the board for connection 'Local'.
Check if the target is in:
1. Split JTAG - No operations are possible with ARM DAP.
2. Non JTAG bootmode - Bootrom may need time to enable DAP.
Please try again.


Troubleshooting hints:
1. Check whether board is connected to system properly.
2. In case of zynq board, check whether Digilent/Xilinx cable switch settings are correct.
3. If you are using Xilinx Platform Cable USB, ensure that status LED is green.
18:19:09 INFO  : Connected to target on host '127.0.0.1' and port '3121'.
18:19:10 INFO  : Jtag cable 'RealDigital Bla 887200000190A' is selected.
18:19:10 INFO  : 'jtag frequency' command is executed.
18:19:10 INFO  : Context for 'APU' is selected.
18:19:10 INFO  : System reset is completed.
18:19:13 INFO  : 'after 3000' command is executed.
18:19:13 INFO  : 'targets -set -filter {jtag_cable_name =~ "RealDigital Bla 887200000190A" && level==0 && jtag_device_ctx=="jsn1-13723093-0"}' command is executed.
18:19:14 INFO  : Device configured successfully with "D:/MANTY/BlackboardSynth_MANTIS/software_workspace/mantis_software_proj/_ide/bitstream/mantis_synth.bit"
18:19:14 INFO  : Context for 'APU' is selected.
18:19:19 INFO  : Hardware design and registers information is loaded from 'D:/MANTY/BlackboardSynth_MANTIS/software_workspace/mantis_software/export/mantis_software/hw/mantis_synth.xsa'.
18:19:19 INFO  : 'configparams force-mem-access 1' command is executed.
18:19:19 INFO  : Context for 'APU' is selected.
18:19:19 INFO  : Sourcing of 'D:/MANTY/BlackboardSynth_MANTIS/software_workspace/mantis_software_proj/_ide/psinit/ps7_init.tcl' is done.
18:19:20 INFO  : 'ps7_init' command is executed.
18:19:20 INFO  : 'ps7_post_config' command is executed.
18:19:20 INFO  : Context for processor 'ps7_cortexa9_0' is selected.
18:19:20 INFO  : The application 'D:/MANTY/BlackboardSynth_MANTIS/software_workspace/mantis_software_proj/Debug/mantis_software_proj.elf' is downloaded to processor 'ps7_cortexa9_0'.
18:19:20 INFO  : 'configparams force-mem-access 0' command is executed.
18:19:20 INFO  : ----------------XSDB Script----------------
connect -url tcp:127.0.0.1:3121
targets -set -nocase -filter {name =~"APU*"}
rst -system
after 3000
targets -set -filter {jtag_cable_name =~ "RealDigital Bla 887200000190A" && level==0 && jtag_device_ctx=="jsn1-13723093-0"}
fpga -file D:/MANTY/BlackboardSynth_MANTIS/software_workspace/mantis_software_proj/_ide/bitstream/mantis_synth.bit
targets -set -nocase -filter {name =~"APU*"}
loadhw -hw D:/MANTY/BlackboardSynth_MANTIS/software_workspace/mantis_software/export/mantis_software/hw/mantis_synth.xsa -mem-ranges [list {0x40000000 0xbfffffff}] -regs
configparams force-mem-access 1
targets -set -nocase -filter {name =~"APU*"}
source D:/MANTY/BlackboardSynth_MANTIS/software_workspace/mantis_software_proj/_ide/psinit/ps7_init.tcl
ps7_init
ps7_post_config
targets -set -nocase -filter {name =~ "*A9*#0"}
dow D:/MANTY/BlackboardSynth_MANTIS/software_workspace/mantis_software_proj/Debug/mantis_software_proj.elf
configparams force-mem-access 0
----------------End of Script----------------

18:19:20 INFO  : Context for processor 'ps7_cortexa9_0' is selected.
18:19:20 INFO  : 'con' command is executed.
18:19:20 INFO  : ----------------XSDB Script (After Launch)----------------
targets -set -nocase -filter {name =~ "*A9*#0"}
con
----------------End of Script----------------

18:19:20 INFO  : Launch script is exported to file 'D:\MANTY\BlackboardSynth_MANTIS\software_workspace\mantis_software_proj_system\_ide\scripts\debugger_mantis_software_proj-default.tcl'
18:35:22 INFO  : Disconnected from the channel tcfchan#6.
