
*** Running vivado
    with args -log mantis_synth_mantis_synth_0_0.vds -m64 -product Vivado -mode batch -messageDb vivado.pb -notrace -source mantis_synth_mantis_synth_0_0.tcl



****** Vivado v2021.1 (64-bit)
  **** SW Build 3247384 on Thu Jun 10 19:36:33 MDT 2021
  **** IP Build 3246043 on Fri Jun 11 00:30:35 MDT 2021
    ** Copyright 1986-2021 Xilinx, Inc. All Rights Reserved.

source mantis_synth_mantis_synth_0_0.tcl -notrace
create_project: Time (s): cpu = 00:00:03 ; elapsed = 00:00:06 . Memory (MB): peak = 1121.098 ; gain = 0.000
INFO: [IP_Flow 19-234] Refreshing IP repositories
INFO: [IP_Flow 19-1700] Loaded user IP repository 'd:/MANTY/BlackboardSynth_MANTIS/synth_modules/ip_repo'.
INFO: [IP_Flow 19-2313] Loaded Vivado IP repository 'D:/Programs/Utility/Vivado/Vivado/2021.1/data/ip'.
WARNING: [IP_Flow 19-4995] The host OS only allows 260 characters in a normal path. The IP cache path is more than 80 characters. If you experience issues with IP caching, please consider changing the IP cache to a location with a shorter path. Alternately consider using the OS subst command to map part of the path to a drive letter. 
Current IP cache path is d:/MANTY/BlackboardSynth_MANTIS/synth_modules/programmable_synth_core/programmable_synth_core.cache/ip 
Command: synth_design -top mantis_synth_mantis_synth_0_0 -part xc7z007sclg400-1 -mode out_of_context
Starting synth_design
Attempting to get a license for feature 'Synthesis' and/or device 'xc7z007s'
INFO: [Common 17-349] Got license for feature 'Synthesis' and/or device 'xc7z007s'
INFO: [Device 21-403] Loading part xc7z007sclg400-1
INFO: [Synth 8-7079] Multithreading enabled for synth_design using a maximum of 2 processes.
INFO: [Synth 8-7078] Launching helper process for spawning children vivado processes
INFO: [Synth 8-7075] Helper process launched with PID 16864
---------------------------------------------------------------------------------
Starting RTL Elaboration : Time (s): cpu = 00:00:08 ; elapsed = 00:00:12 . Memory (MB): peak = 1121.098 ; gain = 0.000
---------------------------------------------------------------------------------
INFO: [Synth 8-6157] synthesizing module 'mantis_synth_mantis_synth_0_0' [d:/MANTY/BlackboardSynth_MANTIS/synth_modules/programmable_synth_core/programmable_synth_core.gen/sources_1/bd/mantis_synth/ip/mantis_synth_mantis_synth_0_0/synth/mantis_synth_mantis_synth_0_0.v:57]
INFO: [Synth 8-6157] synthesizing module 'mantis_synth_v1_0' [d:/MANTY/BlackboardSynth_MANTIS/synth_modules/programmable_synth_core/programmable_synth_core.gen/sources_1/bd/mantis_synth/ipshared/fed6/hdl/mantis_synth_v1_0.v:4]
INFO: [Synth 8-6157] synthesizing module 'mantis_synth_v1_0_S_AXI' [d:/MANTY/BlackboardSynth_MANTIS/synth_modules/programmable_synth_core/programmable_synth_core.gen/sources_1/bd/mantis_synth/ipshared/fed6/hdl/mantis_synth_v1_0_S_AXI.v:4]
INFO: [Synth 8-226] default block is never used [d:/MANTY/BlackboardSynth_MANTIS/synth_modules/programmable_synth_core/programmable_synth_core.gen/sources_1/bd/mantis_synth/ipshared/fed6/hdl/mantis_synth_v1_0_S_AXI.v:232]
INFO: [Synth 8-226] default block is never used [d:/MANTY/BlackboardSynth_MANTIS/synth_modules/programmable_synth_core/programmable_synth_core.gen/sources_1/bd/mantis_synth/ipshared/fed6/hdl/mantis_synth_v1_0_S_AXI.v:373]
INFO: [Synth 8-6157] synthesizing module 'prog_synth_wrapper' [d:/MANTY/BlackboardSynth_MANTIS/synth_modules/programmable_synth_core/programmable_synth_core.gen/sources_1/bd/mantis_synth/ipshared/fed6/src/prog_synth_wrapper.v:20]
INFO: [Synth 8-6157] synthesizing module 'lutSin' [d:/MANTY/BlackboardSynth_MANTIS/synth_modules/programmable_synth_core/programmable_synth_core.gen/sources_1/bd/mantis_synth/ipshared/fed6/src/Sine_LUT.v:20]
INFO: [Synth 8-6155] done synthesizing module 'lutSin' (1#1) [d:/MANTY/BlackboardSynth_MANTIS/synth_modules/programmable_synth_core/programmable_synth_core.gen/sources_1/bd/mantis_synth/ipshared/fed6/src/Sine_LUT.v:20]
INFO: [Synth 8-6157] synthesizing module 'lutTri' [d:/MANTY/BlackboardSynth_MANTIS/synth_modules/programmable_synth_core/programmable_synth_core.gen/sources_1/bd/mantis_synth/ipshared/fed6/src/Tri_LUT.v:20]
INFO: [Synth 8-6155] done synthesizing module 'lutTri' (2#1) [d:/MANTY/BlackboardSynth_MANTIS/synth_modules/programmable_synth_core/programmable_synth_core.gen/sources_1/bd/mantis_synth/ipshared/fed6/src/Tri_LUT.v:20]
INFO: [Synth 8-6157] synthesizing module 'lutSqr' [d:/MANTY/BlackboardSynth_MANTIS/synth_modules/programmable_synth_core/programmable_synth_core.gen/sources_1/bd/mantis_synth/ipshared/fed6/src/Square_LUT.v:20]
INFO: [Synth 8-6155] done synthesizing module 'lutSqr' (3#1) [d:/MANTY/BlackboardSynth_MANTIS/synth_modules/programmable_synth_core/programmable_synth_core.gen/sources_1/bd/mantis_synth/ipshared/fed6/src/Square_LUT.v:20]
INFO: [Synth 8-6157] synthesizing module 'lutSaw' [d:/MANTY/BlackboardSynth_MANTIS/synth_modules/programmable_synth_core/programmable_synth_core.gen/sources_1/bd/mantis_synth/ipshared/fed6/src/Saw_LUT.v:20]
INFO: [Synth 8-6155] done synthesizing module 'lutSaw' (4#1) [d:/MANTY/BlackboardSynth_MANTIS/synth_modules/programmable_synth_core/programmable_synth_core.gen/sources_1/bd/mantis_synth/ipshared/fed6/src/Saw_LUT.v:20]
INFO: [Synth 8-6157] synthesizing module 'prog_clk_div' [d:/MANTY/BlackboardSynth_MANTIS/synth_modules/programmable_synth_core/programmable_synth_core.gen/sources_1/bd/mantis_synth/ipshared/fed6/src/prog_clk_div.v:20]
INFO: [Synth 8-6155] done synthesizing module 'prog_clk_div' (5#1) [d:/MANTY/BlackboardSynth_MANTIS/synth_modules/programmable_synth_core/programmable_synth_core.gen/sources_1/bd/mantis_synth/ipshared/fed6/src/prog_clk_div.v:20]
INFO: [Synth 8-6157] synthesizing module 'table_count' [d:/MANTY/BlackboardSynth_MANTIS/synth_modules/programmable_synth_core/programmable_synth_core.gen/sources_1/bd/mantis_synth/ipshared/fed6/src/prog_synth_wrapper.v:128]
INFO: [Synth 8-6155] done synthesizing module 'table_count' (6#1) [d:/MANTY/BlackboardSynth_MANTIS/synth_modules/programmable_synth_core/programmable_synth_core.gen/sources_1/bd/mantis_synth/ipshared/fed6/src/prog_synth_wrapper.v:128]
INFO: [Synth 8-6155] done synthesizing module 'prog_synth_wrapper' (7#1) [d:/MANTY/BlackboardSynth_MANTIS/synth_modules/programmable_synth_core/programmable_synth_core.gen/sources_1/bd/mantis_synth/ipshared/fed6/src/prog_synth_wrapper.v:20]
INFO: [Synth 8-6155] done synthesizing module 'mantis_synth_v1_0_S_AXI' (8#1) [d:/MANTY/BlackboardSynth_MANTIS/synth_modules/programmable_synth_core/programmable_synth_core.gen/sources_1/bd/mantis_synth/ipshared/fed6/hdl/mantis_synth_v1_0_S_AXI.v:4]
INFO: [Synth 8-6155] done synthesizing module 'mantis_synth_v1_0' (9#1) [d:/MANTY/BlackboardSynth_MANTIS/synth_modules/programmable_synth_core/programmable_synth_core.gen/sources_1/bd/mantis_synth/ipshared/fed6/hdl/mantis_synth_v1_0.v:4]
INFO: [Synth 8-6155] done synthesizing module 'mantis_synth_mantis_synth_0_0' (10#1) [d:/MANTY/BlackboardSynth_MANTIS/synth_modules/programmable_synth_core/programmable_synth_core.gen/sources_1/bd/mantis_synth/ip/mantis_synth_mantis_synth_0_0/synth/mantis_synth_mantis_synth_0_0.v:57]
---------------------------------------------------------------------------------
Finished RTL Elaboration : Time (s): cpu = 00:00:10 ; elapsed = 00:00:16 . Memory (MB): peak = 1121.098 ; gain = 0.000
---------------------------------------------------------------------------------
---------------------------------------------------------------------------------
Start Handling Custom Attributes
---------------------------------------------------------------------------------
---------------------------------------------------------------------------------
Finished Handling Custom Attributes : Time (s): cpu = 00:00:11 ; elapsed = 00:00:17 . Memory (MB): peak = 1121.098 ; gain = 0.000
---------------------------------------------------------------------------------
---------------------------------------------------------------------------------
Finished RTL Optimization Phase 1 : Time (s): cpu = 00:00:11 ; elapsed = 00:00:17 . Memory (MB): peak = 1121.098 ; gain = 0.000
---------------------------------------------------------------------------------
Netlist sorting complete. Time (s): cpu = 00:00:00 ; elapsed = 00:00:00.023 . Memory (MB): peak = 1121.098 ; gain = 0.000
INFO: [Project 1-570] Preparing netlist for logic optimization

Processing XDC Constraints
Initializing timing engine
Completed Processing XDC Constraints

Netlist sorting complete. Time (s): cpu = 00:00:00 ; elapsed = 00:00:00.001 . Memory (MB): peak = 1125.738 ; gain = 0.000
INFO: [Project 1-111] Unisim Transformation Summary:
No Unisim elements were transformed.

Constraint Validation Runtime : Time (s): cpu = 00:00:00 ; elapsed = 00:00:00.571 . Memory (MB): peak = 1125.762 ; gain = 0.023
---------------------------------------------------------------------------------
Finished Constraint Validation : Time (s): cpu = 00:00:21 ; elapsed = 00:00:34 . Memory (MB): peak = 1125.762 ; gain = 4.664
---------------------------------------------------------------------------------
---------------------------------------------------------------------------------
Start Loading Part and Timing Information
---------------------------------------------------------------------------------
Loading part: xc7z007sclg400-1
---------------------------------------------------------------------------------
Finished Loading Part and Timing Information : Time (s): cpu = 00:00:21 ; elapsed = 00:00:35 . Memory (MB): peak = 1125.762 ; gain = 4.664
---------------------------------------------------------------------------------
---------------------------------------------------------------------------------
Start Applying 'set_property' XDC Constraints
---------------------------------------------------------------------------------
---------------------------------------------------------------------------------
Finished applying 'set_property' XDC Constraints : Time (s): cpu = 00:00:21 ; elapsed = 00:00:35 . Memory (MB): peak = 1125.762 ; gain = 4.664
---------------------------------------------------------------------------------
---------------------------------------------------------------------------------
Finished RTL Optimization Phase 2 : Time (s): cpu = 00:00:23 ; elapsed = 00:00:37 . Memory (MB): peak = 1125.762 ; gain = 4.664
---------------------------------------------------------------------------------
---------------------------------------------------------------------------------
Start RTL Component Statistics 
---------------------------------------------------------------------------------
Detailed RTL Component Info : 
+---Adders : 
	   2 Input   16 Bit       Adders := 1     
+---Registers : 
	               32 Bit    Registers := 5     
	               16 Bit    Registers := 1     
	                8 Bit    Registers := 4     
	                4 Bit    Registers := 2     
	                2 Bit    Registers := 2     
	                1 Bit    Registers := 7     
+---Muxes : 
	   2 Input   32 Bit        Muxes := 4     
	   4 Input   32 Bit        Muxes := 5     
	   2 Input   16 Bit        Muxes := 1     
	 361 Input    8 Bit        Muxes := 3     
	   2 Input    8 Bit        Muxes := 4     
	   4 Input    8 Bit        Muxes := 1     
	   2 Input    1 Bit        Muxes := 6     
---------------------------------------------------------------------------------
Finished RTL Component Statistics 
---------------------------------------------------------------------------------
---------------------------------------------------------------------------------
Start Part Resource Summary
---------------------------------------------------------------------------------
Part Resources:
DSPs: 66 (col length:40)
BRAMs: 100 (col length: RAMB18 40 RAMB36 20)
---------------------------------------------------------------------------------
Finished Part Resource Summary
---------------------------------------------------------------------------------
---------------------------------------------------------------------------------
Start Cross Boundary and Area Optimization
---------------------------------------------------------------------------------
WARNING: [Synth 8-6040] Register inst/mantis_synth_v1_0_S_AXI_inst/synth_core/tbl_cntr/table_count_r_reg_rep driving address of a ROM cannot be packed in BRAM/URAM because of presence of initial value.
WARNING: [Synth 8-6040] Register inst/mantis_synth_v1_0_S_AXI_inst/synth_core/tbl_cntr/table_count_r_reg_rep driving address of a ROM cannot be packed in BRAM/URAM because of presence of initial value.
WARNING: [Synth 8-6040] Register inst/mantis_synth_v1_0_S_AXI_inst/synth_core/tbl_cntr/table_count_r_reg_rep driving address of a ROM cannot be packed in BRAM/URAM because of presence of initial value.
---------------------------------------------------------------------------------
Finished Cross Boundary and Area Optimization : Time (s): cpu = 00:00:33 ; elapsed = 00:00:48 . Memory (MB): peak = 1125.762 ; gain = 4.664
---------------------------------------------------------------------------------
---------------------------------------------------------------------------------
Start ROM, RAM, DSP, Shift Register and Retiming Reporting
---------------------------------------------------------------------------------

ROM: Preliminary Mapping Report
+------------------------------+----------------------------------------------------------------+---------------+----------------+
|Module Name                   | RTL Object                                                     | Depth x Width | Implemented As | 
+------------------------------+----------------------------------------------------------------+---------------+----------------+
|mantis_synth_mantis_synth_0_0 | inst/mantis_synth_v1_0_S_AXI_inst/synth_core/saw_gen/table_val | 512x8         | LUT            | 
|mantis_synth_mantis_synth_0_0 | inst/mantis_synth_v1_0_S_AXI_inst/synth_core/tri_gen/table_val | 512x8         | LUT            | 
|mantis_synth_mantis_synth_0_0 | inst/mantis_synth_v1_0_S_AXI_inst/synth_core/sin_gen/table_val | 512x8         | LUT            | 
+------------------------------+----------------------------------------------------------------+---------------+----------------+

---------------------------------------------------------------------------------
Finished ROM, RAM, DSP, Shift Register and Retiming Reporting
---------------------------------------------------------------------------------
---------------------------------------------------------------------------------
Start Applying XDC Timing Constraints
---------------------------------------------------------------------------------
---------------------------------------------------------------------------------
Finished Applying XDC Timing Constraints : Time (s): cpu = 00:00:44 ; elapsed = 00:01:00 . Memory (MB): peak = 1125.762 ; gain = 4.664
---------------------------------------------------------------------------------
---------------------------------------------------------------------------------
Start Timing Optimization
---------------------------------------------------------------------------------
---------------------------------------------------------------------------------
Finished Timing Optimization : Time (s): cpu = 00:00:44 ; elapsed = 00:01:00 . Memory (MB): peak = 1125.762 ; gain = 4.664
---------------------------------------------------------------------------------
---------------------------------------------------------------------------------
Start Technology Mapping
---------------------------------------------------------------------------------
---------------------------------------------------------------------------------
Finished Technology Mapping : Time (s): cpu = 00:00:44 ; elapsed = 00:01:00 . Memory (MB): peak = 1125.762 ; gain = 4.664
---------------------------------------------------------------------------------
---------------------------------------------------------------------------------
Start IO Insertion
---------------------------------------------------------------------------------
---------------------------------------------------------------------------------
Start Flattening Before IO Insertion
---------------------------------------------------------------------------------
---------------------------------------------------------------------------------
Finished Flattening Before IO Insertion
---------------------------------------------------------------------------------
---------------------------------------------------------------------------------
Start Final Netlist Cleanup
---------------------------------------------------------------------------------
---------------------------------------------------------------------------------
Finished Final Netlist Cleanup
---------------------------------------------------------------------------------
---------------------------------------------------------------------------------
Finished IO Insertion : Time (s): cpu = 00:00:49 ; elapsed = 00:01:06 . Memory (MB): peak = 1125.762 ; gain = 4.664
---------------------------------------------------------------------------------
---------------------------------------------------------------------------------
Start Renaming Generated Instances
---------------------------------------------------------------------------------
---------------------------------------------------------------------------------
Finished Renaming Generated Instances : Time (s): cpu = 00:00:49 ; elapsed = 00:01:06 . Memory (MB): peak = 1125.762 ; gain = 4.664
---------------------------------------------------------------------------------
---------------------------------------------------------------------------------
Start Rebuilding User Hierarchy
---------------------------------------------------------------------------------
---------------------------------------------------------------------------------
Finished Rebuilding User Hierarchy : Time (s): cpu = 00:00:50 ; elapsed = 00:01:06 . Memory (MB): peak = 1125.762 ; gain = 4.664
---------------------------------------------------------------------------------
---------------------------------------------------------------------------------
Start Renaming Generated Ports
---------------------------------------------------------------------------------
---------------------------------------------------------------------------------
Finished Renaming Generated Ports : Time (s): cpu = 00:00:50 ; elapsed = 00:01:06 . Memory (MB): peak = 1125.762 ; gain = 4.664
---------------------------------------------------------------------------------
---------------------------------------------------------------------------------
Start Handling Custom Attributes
---------------------------------------------------------------------------------
---------------------------------------------------------------------------------
Finished Handling Custom Attributes : Time (s): cpu = 00:00:50 ; elapsed = 00:01:06 . Memory (MB): peak = 1125.762 ; gain = 4.664
---------------------------------------------------------------------------------
---------------------------------------------------------------------------------
Start Renaming Generated Nets
---------------------------------------------------------------------------------
---------------------------------------------------------------------------------
Finished Renaming Generated Nets : Time (s): cpu = 00:00:50 ; elapsed = 00:01:06 . Memory (MB): peak = 1125.762 ; gain = 4.664
---------------------------------------------------------------------------------
---------------------------------------------------------------------------------
Start Writing Synthesis Report
---------------------------------------------------------------------------------

Report BlackBoxes: 
+-+--------------+----------+
| |BlackBox name |Instances |
+-+--------------+----------+
+-+--------------+----------+

Report Cell Usage: 
+------+-------+------+
|      |Cell   |Count |
+------+-------+------+
|1     |CARRY4 |    13|
|2     |LUT1   |     4|
|3     |LUT2   |    43|
|4     |LUT3   |     6|
|5     |LUT4   |    33|
|6     |LUT5   |     9|
|7     |LUT6   |   136|
|8     |MUXF7  |    38|
|9     |MUXF8  |     6|
|10    |FDRE   |   244|
|11    |FDSE   |     1|
+------+-------+------+
---------------------------------------------------------------------------------
Finished Writing Synthesis Report : Time (s): cpu = 00:00:50 ; elapsed = 00:01:06 . Memory (MB): peak = 1125.762 ; gain = 4.664
---------------------------------------------------------------------------------
Synthesis finished with 0 errors, 0 critical warnings and 3 warnings.
Synthesis Optimization Runtime : Time (s): cpu = 00:00:36 ; elapsed = 00:00:58 . Memory (MB): peak = 1125.762 ; gain = 0.000
Synthesis Optimization Complete : Time (s): cpu = 00:00:50 ; elapsed = 00:01:06 . Memory (MB): peak = 1125.762 ; gain = 4.664
INFO: [Project 1-571] Translating synthesized netlist
Netlist sorting complete. Time (s): cpu = 00:00:00 ; elapsed = 00:00:00.029 . Memory (MB): peak = 1133.422 ; gain = 0.000
INFO: [Netlist 29-17] Analyzing 57 Unisim elements for replacement
INFO: [Netlist 29-28] Unisim Transformation completed in 0 CPU seconds
INFO: [Project 1-570] Preparing netlist for logic optimization
INFO: [Opt 31-138] Pushed 0 inverter(s) to 0 load pin(s).
Netlist sorting complete. Time (s): cpu = 00:00:00 ; elapsed = 00:00:00 . Memory (MB): peak = 1138.062 ; gain = 0.000
INFO: [Project 1-111] Unisim Transformation Summary:
No Unisim elements were transformed.

Synth Design complete, checksum: 5b487dad
INFO: [Common 17-83] Releasing license: Synthesis
39 Infos, 4 Warnings, 0 Critical Warnings and 0 Errors encountered.
synth_design completed successfully
synth_design: Time (s): cpu = 00:00:58 ; elapsed = 00:01:22 . Memory (MB): peak = 1138.062 ; gain = 16.965
INFO: [Common 17-1381] The checkpoint 'D:/MANTY/BlackboardSynth_MANTIS/synth_modules/programmable_synth_core/programmable_synth_core.runs/mantis_synth_mantis_synth_0_0_synth_1/mantis_synth_mantis_synth_0_0.dcp' has been generated.
INFO: [Coretcl 2-1648] Added synthesis output to IP cache for IP mantis_synth_mantis_synth_0_0, cache-ID = c392b6a46809adb3
INFO: [Coretcl 2-1174] Renamed 7 cell refs.
INFO: [Common 17-1381] The checkpoint 'D:/MANTY/BlackboardSynth_MANTIS/synth_modules/programmable_synth_core/programmable_synth_core.runs/mantis_synth_mantis_synth_0_0_synth_1/mantis_synth_mantis_synth_0_0.dcp' has been generated.
INFO: [runtcl-4] Executing : report_utilization -file mantis_synth_mantis_synth_0_0_utilization_synth.rpt -pb mantis_synth_mantis_synth_0_0_utilization_synth.pb
INFO: [Common 17-206] Exiting Vivado at Thu Oct 26 12:25:29 2023...
