Copyright 1986-2021 Xilinx, Inc. All Rights Reserved.
-------------------------------------------------------------------------------------------------------------------------------------------------------------
| Tool Version     : Vivado v.2021.1 (win64) Build 3247384 Thu Jun 10 19:36:33 MDT 2021
| Date             : Tue Oct 17 19:54:45 2023
| Host             : GaryPC running 64-bit major release  (build 9200)
| Command          : report_power -file synth_wrapper_power_routed.rpt -pb synth_wrapper_power_summary_routed.pb -rpx synth_wrapper_power_routed.rpx
| Design           : synth_wrapper
| Device           : xc7z007sclg400-1
| Design State     : routed
| Grade            : commercial
| Process          : typical
| Characterization : Production
-------------------------------------------------------------------------------------------------------------------------------------------------------------

Power Report

Table of Contents
-----------------
1. Summary
1.1 On-Chip Components
1.2 Power Supply Summary
1.3 Confidence Level
2. Settings
2.1 Environment
2.2 Clock Constraints
3. Detailed Reports
3.1 By Hierarchy

1. Summary
----------

+--------------------------+----------------------------------+
| Total On-Chip Power (W)  | 18.850 (Junction temp exceeded!) |
| Design Power Budget (W)  | Unspecified*                     |
| Power Budget Margin (W)  | NA                               |
| Dynamic (W)              | 18.101                           |
| Device Static (W)        | 0.749                            |
| Effective TJA (C/W)      | 11.5                             |
| Max Ambient (C)          | 0.0                              |
| Junction Temperature (C) | 125.0                            |
| Confidence Level         | Low                              |
| Setting File             | ---                              |
| Simulation Activity File | ---                              |
| Design Nets Matched      | NA                               |
+--------------------------+----------------------------------+
* Specify Design Power Budget using, set_operating_conditions -design_power_budget <value in Watts>


1.1 On-Chip Components
----------------------

+----------------+-----------+----------+-----------+-----------------+
| On-Chip        | Power (W) | Used     | Available | Utilization (%) |
+----------------+-----------+----------+-----------+-----------------+
| Slice Logic    |     9.671 |     1366 |       --- |             --- |
|   LUT as Logic |     8.241 |      856 |     14400 |            5.94 |
|   CARRY4       |     1.232 |      183 |      4400 |            4.16 |
|   F7/F8 Muxes  |     0.115 |       59 |     17600 |            0.34 |
|   Register     |     0.059 |      172 |     28800 |            0.60 |
|   BUFG         |     0.023 |        2 |        32 |            6.25 |
|   Others       |     0.000 |       21 |       --- |             --- |
| Signals        |     8.242 |     1061 |       --- |             --- |
| I/O            |     0.189 |       25 |       100 |           25.00 |
| Static Power   |     0.749 |          |           |                 |
| Total          |    18.850 |          |           |                 |
+----------------+-----------+----------+-----------+-----------------+


1.2 Power Supply Summary
------------------------

+-----------+-------------+-----------+-------------+------------+-------------+-------------+------------+
| Source    | Voltage (V) | Total (A) | Dynamic (A) | Static (A) | Powerup (A) | Budget (A)  | Margin (A) |
+-----------+-------------+-----------+-------------+------------+-------------+-------------+------------+
| Vccint    |       1.000 |    18.106 |      17.977 |      0.129 |       NA    | Unspecified | NA         |
| Vccaux    |       1.800 |     0.045 |       0.005 |      0.040 |       NA    | Unspecified | NA         |
| Vcco33    |       3.300 |     0.036 |       0.035 |      0.001 |       NA    | Unspecified | NA         |
| Vcco25    |       2.500 |     0.000 |       0.000 |      0.000 |       NA    | Unspecified | NA         |
| Vcco18    |       1.800 |     0.000 |       0.000 |      0.000 |       NA    | Unspecified | NA         |
| Vcco15    |       1.500 |     0.000 |       0.000 |      0.000 |       NA    | Unspecified | NA         |
| Vcco135   |       1.350 |     0.000 |       0.000 |      0.000 |       NA    | Unspecified | NA         |
| Vcco12    |       1.200 |     0.000 |       0.000 |      0.000 |       NA    | Unspecified | NA         |
| Vccaux_io |       1.800 |     0.000 |       0.000 |      0.000 |       NA    | Unspecified | NA         |
| Vccbram   |       1.000 |     0.011 |       0.000 |      0.011 |       NA    | Unspecified | NA         |
| MGTAVcc   |       1.000 |     0.000 |       0.000 |      0.000 |       NA    | Unspecified | NA         |
| MGTAVtt   |       1.200 |     0.000 |       0.000 |      0.000 |       NA    | Unspecified | NA         |
| MGTVccaux |       1.800 |     0.000 |       0.000 |      0.000 |       NA    | Unspecified | NA         |
| Vccpint   |       1.000 |     0.473 |       0.000 |      0.473 |       NA    | Unspecified | NA         |
| Vccpaux   |       1.800 |     0.010 |       0.000 |      0.010 |       NA    | Unspecified | NA         |
| Vccpll    |       1.800 |     0.003 |       0.000 |      0.003 |       NA    | Unspecified | NA         |
| Vcco_ddr  |       1.500 |     0.000 |       0.000 |      0.000 |       NA    | Unspecified | NA         |
| Vcco_mio0 |       1.800 |     0.000 |       0.000 |      0.000 |       NA    | Unspecified | NA         |
| Vcco_mio1 |       1.800 |     0.000 |       0.000 |      0.000 |       NA    | Unspecified | NA         |
| Vccadc    |       1.800 |     0.020 |       0.000 |      0.020 |       NA    | Unspecified | NA         |
+-----------+-------------+-----------+-------------+------------+-------------+-------------+------------+


1.3 Confidence Level
--------------------

+-----------------------------+------------+--------------------------------------------------------+--------------------------------------------------------------------------------------------------------------------+
| User Input Data             | Confidence | Details                                                | Action                                                                                                             |
+-----------------------------+------------+--------------------------------------------------------+--------------------------------------------------------------------------------------------------------------------+
| Design implementation state | High       | Design is routed                                       |                                                                                                                    |
| Clock nodes activity        | Low        | User specified less than 75% of clocks                 | Provide missing clock activity with a constraint file, simulation results or by editing the "By Clock Domain" view |
| I/O nodes activity          | Low        | More than 75% of inputs are missing user specification | Provide missing input activity with simulation results or by editing the "By Resource Type -> I/Os" view           |
| Internal nodes activity     | Medium     | User specified less than 25% of internal nodes         | Provide missing internal nodes activity with simulation results or by editing the "By Resource Type" views         |
| Device models               | High       | Device models are Production                           |                                                                                                                    |
|                             |            |                                                        |                                                                                                                    |
| Overall confidence level    | Low        |                                                        |                                                                                                                    |
+-----------------------------+------------+--------------------------------------------------------+--------------------------------------------------------------------------------------------------------------------+


2. Settings
-----------

2.1 Environment
---------------

+-----------------------+------------------------+
| Ambient Temp (C)      | 25.0                   |
| ThetaJA (C/W)         | 11.5                   |
| Airflow (LFM)         | 250                    |
| Heat Sink             | none                   |
| ThetaSA (C/W)         | 0.0                    |
| Board Selection       | medium (10"x10")       |
| # of Board Layers     | 8to11 (8 to 11 Layers) |
| Board Temperature (C) | 25.0                   |
+-----------------------+------------------------+


2.2 Clock Constraints
---------------------

+-------+--------+-----------------+
| Clock | Domain | Constraint (ns) |
+-------+--------+-----------------+


3. Detailed Reports
-------------------

3.1 By Hierarchy
----------------

+---------------+-----------+
| Name          | Power (W) |
+---------------+-----------+
| synth_wrapper |    18.101 |
|   db_clk_gen  |     0.030 |
|   freq_sel    |    13.499 |
|     pd_down   |     0.078 |
|     pd_up     |     0.017 |
|   saw_gen     |     0.773 |
|   sel_db      |     0.017 |
|   sin_gen     |     0.778 |
|   tbl_cntr    |     1.791 |
|   tri_gen     |     0.812 |
|   wav_sel     |     0.063 |
|     pd        |     0.024 |
+---------------+-----------+


